<?xml version="1.0" encoding="UTF-8"?>
<con:testCase discardOkResults="false" failOnError="true" failTestCaseOnErrors="true" id="d6358c61-a0fd-4f04-946a-4bc06cde677f" keepSession="false" name="Test Case 2 2" searchProperties="true" timeout="0" xmlns:con="http://eviware.com/soapui/config">
  <con:settings>
    
  <con:setting id="d6358c61-a0fd-4f04-946a-4bc06cde677ffileName">Test-Case-2-2</con:setting></con:settings>
  <con:testStep id="1cdf5776-b4fa-4816-bf93-e49f4a3163a1" name="- Request 1" type="restrequest">
    <con:settings/>
    <con:config xsi:type="con:RestRequestStep" methodName="" resourcePath="/" service="https://cloud.bitbar.com" xmlns:xsi="http://www.w3.org/2001/XMLSchema-instance">
      <con:restRequest id="47325177-f8cd-412b-b611-7c859b04a04a" mediaType="application/json" name="- Request 1">
        <con:settings>
          <con:setting id="com.eviware.soapui.impl.wsdl.WsdlRequest@request-headers"><![CDATA[<xml-fragment xmlns:con="http://eviware.com/soapui/config">
  <con:entry key="If-None-Match" value="W/&quot;62fb688b-3b9&quot;"/>
  <con:entry key="Accept-Charset" value="ISO-8859-1,utf-8;q=0.7,*;q=0.7"/>
  <con:entry key="Accept" value="text/html,application/xhtml+xml,application/xml;q=0.9,*/*;q=0.8"/>
  <con:entry key="User-Agent" value="Mozilla/5.0 (Windows NT 10.0; Win64; x64) AppleWebKit/612.1 (KHTML, like Gecko) JavaFX/17 Safari/612.1"/>
  <con:entry key="If-Modified-Since" value="Tue, 16 Aug 2022 09:51:07 GMT"/>
  <con:entry key="Accept-Encoding" value="gzip"/>
  <con:entry key="Accept-Language" value="en-us;q=0.8,en;q=0.7"/>
</xml-fragment>]]></con:setting>
        </con:settings>
        <con:endpoint>https://cloud.bitbar.com</con:endpoint>
        <con:request/>
        <con:originalUri>https://cloud.bitbar.com/</con:originalUri>
        <con:credentials>
          <con:selectedAuthProfile>No Authorization</con:selectedAuthProfile>
          <con:authType>No Authorization</con:authType>
        </con:credentials>
        <con:jmsConfig JMSDeliveryMode="PERSISTENT"/>
        <con:parameters/>
      </con:restRequest>
    </con:config>
  </con:testStep>
  <con:testStep id="7cff282b-11b4-4ae0-a94b-b2544db7e191" name="Main~e2e93592.a2648e7172db83986c77.js - Request 1" type="restrequest">
    <con:settings/>
    <con:config xsi:type="con:RestRequestStep" methodName="Main~e2e93592.a2648e7172db83986c77.js" resourcePath="/main~e2e93592.a2648e7172db83986c77.js" service="https://cloud.bitbar.com" xmlns:xsi="http://www.w3.org/2001/XMLSchema-instance">
      <con:restRequest id="8a11db43-5c48-4f0e-96ca-8099346c6ec2" mediaType="application/json" name="Main~e2e93592.a2648e7172db83986c77.js - Request 1">
        <con:settings>
          <con:setting id="com.eviware.soapui.impl.wsdl.WsdlRequest@request-headers"><![CDATA[<xml-fragment xmlns:con="http://eviware.com/soapui/config">
  <con:entry key="If-None-Match" value="W/&quot;62fb688b-56ce5&quot;"/>
  <con:entry key="Accept-Charset" value="ISO-8859-1,utf-8;q=0.7,*;q=0.7"/>
  <con:entry key="Accept" value="*/*"/>
  <con:entry key="User-Agent" value="Mozilla/5.0 (Windows NT 10.0; Win64; x64) AppleWebKit/612.1 (KHTML, like Gecko) JavaFX/17 Safari/612.1"/>
  <con:entry key="Referer" value="https://cloud.bitbar.com/"/>
  <con:entry key="If-Modified-Since" value="Tue, 16 Aug 2022 09:51:07 GMT"/>
  <con:entry key="Accept-Encoding" value="gzip"/>
  <con:entry key="Accept-Language" value="en-us;q=0.8,en;q=0.7"/>
</xml-fragment>]]></con:setting>
        </con:settings>
        <con:endpoint>https://cloud.bitbar.com</con:endpoint>
        <con:request/>
        <con:originalUri>https://cloud.bitbar.com/main~e2e93592.a2648e7172db83986c77.js</con:originalUri>
        <con:credentials>
          <con:selectedAuthProfile>No Authorization</con:selectedAuthProfile>
          <con:authType>No Authorization</con:authType>
        </con:credentials>
        <con:jmsConfig JMSDeliveryMode="PERSISTENT"/>
        <con:parameters/>
      </con:restRequest>
    </con:config>
  </con:testStep>
  <con:testStep id="892be5d7-61ec-4211-99e6-fbeb9cc80429" name="Main~db300d2f.a2648e7172db83986c77.js - Request 1" type="restrequest">
    <con:settings/>
    <con:config xsi:type="con:RestRequestStep" methodName="Main~db300d2f.a2648e7172db83986c77.js" resourcePath="/main~db300d2f.a2648e7172db83986c77.js" service="https://cloud.bitbar.com" xmlns:xsi="http://www.w3.org/2001/XMLSchema-instance">
      <con:restRequest id="586e9d48-707f-455e-b9b3-7355943182ec" mediaType="application/json" name="Main~db300d2f.a2648e7172db83986c77.js - Request 1">
        <con:settings>
          <con:setting id="com.eviware.soapui.impl.wsdl.WsdlRequest@request-headers"><![CDATA[<xml-fragment xmlns:con="http://eviware.com/soapui/config">
  <con:entry key="If-None-Match" value="W/&quot;62fb688b-3a922&quot;"/>
  <con:entry key="Accept-Charset" value="ISO-8859-1,utf-8;q=0.7,*;q=0.7"/>
  <con:entry key="Accept" value="*/*"/>
  <con:entry key="User-Agent" value="Mozilla/5.0 (Windows NT 10.0; Win64; x64) AppleWebKit/612.1 (KHTML, like Gecko) JavaFX/17 Safari/612.1"/>
  <con:entry key="Referer" value="https://cloud.bitbar.com/"/>
  <con:entry key="If-Modified-Since" value="Tue, 16 Aug 2022 09:51:07 GMT"/>
  <con:entry key="Accept-Encoding" value="gzip"/>
  <con:entry key="Accept-Language" value="en-us;q=0.8,en;q=0.7"/>
</xml-fragment>]]></con:setting>
        </con:settings>
        <con:endpoint>https://cloud.bitbar.com</con:endpoint>
        <con:request/>
        <con:originalUri>https://cloud.bitbar.com/main~db300d2f.a2648e7172db83986c77.js</con:originalUri>
        <con:credentials>
          <con:selectedAuthProfile>No Authorization</con:selectedAuthProfile>
          <con:authType>No Authorization</con:authType>
        </con:credentials>
        <con:jmsConfig JMSDeliveryMode="PERSISTENT"/>
        <con:parameters/>
      </con:restRequest>
    </con:config>
  </con:testStep>
  <con:testStep id="dbaa6375-ee31-4240-a687-109ce5403807" name="Main~2a42e354.a2648e7172db83986c77.js - Request 1" type="restrequest">
    <con:settings/>
    <con:config xsi:type="con:RestRequestStep" methodName="Main~2a42e354.a2648e7172db83986c77.js" resourcePath="/main~2a42e354.a2648e7172db83986c77.js" service="https://cloud.bitbar.com" xmlns:xsi="http://www.w3.org/2001/XMLSchema-instance">
      <con:restRequest id="7c36d9b1-6d37-464c-8e92-9c3e3502f3e4" mediaType="application/json" name="Main~2a42e354.a2648e7172db83986c77.js - Request 1">
        <con:settings>
          <con:setting id="com.eviware.soapui.impl.wsdl.WsdlRequest@request-headers"><![CDATA[<xml-fragment xmlns:con="http://eviware.com/soapui/config">
  <con:entry key="If-None-Match" value="W/&quot;62fb688b-22b57&quot;"/>
  <con:entry key="Accept-Charset" value="ISO-8859-1,utf-8;q=0.7,*;q=0.7"/>
  <con:entry key="Accept" value="*/*"/>
  <con:entry key="User-Agent" value="Mozilla/5.0 (Windows NT 10.0; Win64; x64) AppleWebKit/612.1 (KHTML, like Gecko) JavaFX/17 Safari/612.1"/>
  <con:entry key="Referer" value="https://cloud.bitbar.com/"/>
  <con:entry key="If-Modified-Since" value="Tue, 16 Aug 2022 09:51:07 GMT"/>
  <con:entry key="Accept-Encoding" value="gzip"/>
  <con:entry key="Accept-Language" value="en-us;q=0.8,en;q=0.7"/>
</xml-fragment>]]></con:setting>
        </con:settings>
        <con:endpoint>https://cloud.bitbar.com</con:endpoint>
        <con:request/>
        <con:originalUri>https://cloud.bitbar.com/main~2a42e354.a2648e7172db83986c77.js</con:originalUri>
        <con:credentials>
          <con:selectedAuthProfile>No Authorization</con:selectedAuthProfile>
          <con:authType>No Authorization</con:authType>
        </con:credentials>
        <con:jmsConfig JMSDeliveryMode="PERSISTENT"/>
        <con:parameters/>
      </con:restRequest>
    </con:config>
  </con:testStep>
  <con:testStep id="a34e7890-200b-4c67-b20c-57cc46b9e3cd" name="Main~ec8c427e.a2648e7172db83986c77.js - Request 1" type="restrequest">
    <con:settings/>
    <con:config xsi:type="con:RestRequestStep" methodName="Main~ec8c427e.a2648e7172db83986c77.js" resourcePath="/main~ec8c427e.a2648e7172db83986c77.js" service="https://cloud.bitbar.com" xmlns:xsi="http://www.w3.org/2001/XMLSchema-instance">
      <con:restRequest id="dbe4387b-017e-453b-a81d-a9b80039d89b" mediaType="application/json" name="Main~ec8c427e.a2648e7172db83986c77.js - Request 1">
        <con:settings>
          <con:setting id="com.eviware.soapui.impl.wsdl.WsdlRequest@request-headers"><![CDATA[<xml-fragment xmlns:con="http://eviware.com/soapui/config">
  <con:entry key="If-None-Match" value="W/&quot;62fb688b-7dd3&quot;"/>
  <con:entry key="Accept-Charset" value="ISO-8859-1,utf-8;q=0.7,*;q=0.7"/>
  <con:entry key="Accept" value="*/*"/>
  <con:entry key="User-Agent" value="Mozilla/5.0 (Windows NT 10.0; Win64; x64) AppleWebKit/612.1 (KHTML, like Gecko) JavaFX/17 Safari/612.1"/>
  <con:entry key="Referer" value="https://cloud.bitbar.com/"/>
  <con:entry key="If-Modified-Since" value="Tue, 16 Aug 2022 09:51:07 GMT"/>
  <con:entry key="Accept-Encoding" value="gzip"/>
  <con:entry key="Accept-Language" value="en-us;q=0.8,en;q=0.7"/>
</xml-fragment>]]></con:setting>
        </con:settings>
        <con:endpoint>https://cloud.bitbar.com</con:endpoint>
        <con:request/>
        <con:originalUri>https://cloud.bitbar.com/main~ec8c427e.a2648e7172db83986c77.js</con:originalUri>
        <con:credentials>
          <con:selectedAuthProfile>No Authorization</con:selectedAuthProfile>
          <con:authType>No Authorization</con:authType>
        </con:credentials>
        <con:jmsConfig JMSDeliveryMode="PERSISTENT"/>
        <con:parameters/>
      </con:restRequest>
    </con:config>
  </con:testStep>
  <con:testStep id="14d4f95a-8b4f-43cf-b603-f98387989d07" name="Main.js - Request 1" type="restrequest">
    <con:settings/>
    <con:config xsi:type="con:RestRequestStep" methodName="Main.js" resourcePath="/main.js" service="https://cloud.bitbar.com" xmlns:xsi="http://www.w3.org/2001/XMLSchema-instance">
      <con:restRequest id="ff668b05-9d84-47d8-a769-0532a3dd98ff" mediaType="application/json" name="Main.js - Request 1">
        <con:settings>
          <con:setting id="com.eviware.soapui.impl.wsdl.WsdlRequest@request-headers"><![CDATA[<xml-fragment xmlns:con="http://eviware.com/soapui/config">
  <con:entry key="If-None-Match" value="W/&quot;62fb688b-92b36&quot;"/>
  <con:entry key="Accept-Charset" value="ISO-8859-1,utf-8;q=0.7,*;q=0.7"/>
  <con:entry key="Accept" value="*/*"/>
  <con:entry key="User-Agent" value="Mozilla/5.0 (Windows NT 10.0; Win64; x64) AppleWebKit/612.1 (KHTML, like Gecko) JavaFX/17 Safari/612.1"/>
  <con:entry key="Referer" value="https://cloud.bitbar.com/"/>
  <con:entry key="If-Modified-Since" value="Tue, 16 Aug 2022 09:51:07 GMT"/>
  <con:entry key="Accept-Encoding" value="gzip"/>
  <con:entry key="Accept-Language" value="en-us;q=0.8,en;q=0.7"/>
</xml-fragment>]]></con:setting>
        </con:settings>
        <con:endpoint>https://cloud.bitbar.com</con:endpoint>
        <con:request/>
        <con:originalUri>https://cloud.bitbar.com/main.js</con:originalUri>
        <con:credentials>
          <con:selectedAuthProfile>No Authorization</con:selectedAuthProfile>
          <con:authType>No Authorization</con:authType>
        </con:credentials>
        <con:jmsConfig JMSDeliveryMode="PERSISTENT"/>
        <con:parameters/>
      </con:restRequest>
    </con:config>
  </con:testStep>
  <con:testStep id="564994fd-25b7-4c83-a2c3-8c000b6257ab" name="Main~cfbf0a2e.a2648e7172db83986c77.js - Request 1" type="restrequest">
    <con:settings/>
    <con:config xsi:type="con:RestRequestStep" methodName="Main~cfbf0a2e.a2648e7172db83986c77.js" resourcePath="/main~cfbf0a2e.a2648e7172db83986c77.js" service="https://cloud.bitbar.com" xmlns:xsi="http://www.w3.org/2001/XMLSchema-instance">
      <con:restRequest id="70ba87ea-73e0-4c75-a9ae-fa0efd717a51" mediaType="application/json" name="Main~cfbf0a2e.a2648e7172db83986c77.js - Request 1">
        <con:settings>
          <con:setting id="com.eviware.soapui.impl.wsdl.WsdlRequest@request-headers"><![CDATA[<xml-fragment xmlns:con="http://eviware.com/soapui/config">
  <con:entry key="If-None-Match" value="W/&quot;62fb688b-288a8&quot;"/>
  <con:entry key="Accept-Charset" value="ISO-8859-1,utf-8;q=0.7,*;q=0.7"/>
  <con:entry key="Accept" value="*/*"/>
  <con:entry key="User-Agent" value="Mozilla/5.0 (Windows NT 10.0; Win64; x64) AppleWebKit/612.1 (KHTML, like Gecko) JavaFX/17 Safari/612.1"/>
  <con:entry key="Referer" value="https://cloud.bitbar.com/"/>
  <con:entry key="If-Modified-Since" value="Tue, 16 Aug 2022 09:51:07 GMT"/>
  <con:entry key="Accept-Encoding" value="gzip"/>
  <con:entry key="Accept-Language" value="en-us;q=0.8,en;q=0.7"/>
</xml-fragment>]]></con:setting>
        </con:settings>
        <con:endpoint>https://cloud.bitbar.com</con:endpoint>
        <con:request/>
        <con:originalUri>https://cloud.bitbar.com/main~cfbf0a2e.a2648e7172db83986c77.js</con:originalUri>
        <con:credentials>
          <con:selectedAuthProfile>No Authorization</con:selectedAuthProfile>
          <con:authType>No Authorization</con:authType>
        </con:credentials>
        <con:jmsConfig JMSDeliveryMode="PERSISTENT"/>
        <con:parameters/>
      </con:restRequest>
    </con:config>
  </con:testStep>
  <con:testStep id="3f670a5d-659a-4557-87dd-667b6df4bec0" name="Worker.js - Request 1" type="restrequest">
    <con:settings/>
    <con:config xsi:type="con:RestRequestStep" methodName="Worker.js" resourcePath="/worker.js" service="https://cloud.bitbar.com" xmlns:xsi="http://www.w3.org/2001/XMLSchema-instance">
      <con:restRequest id="5e9825bd-2b97-423d-85a1-39ffa62fe3a5" mediaType="application/json" name="Worker.js - Request 1">
        <con:settings>
          <con:setting id="com.eviware.soapui.impl.wsdl.WsdlRequest@request-headers"><![CDATA[<xml-fragment xmlns:con="http://eviware.com/soapui/config">
  <con:entry key="If-None-Match" value="W/&quot;62fb688b-e59&quot;"/>
  <con:entry key="Accept-Charset" value="ISO-8859-1,utf-8;q=0.7,*;q=0.7"/>
  <con:entry key="Accept" value="*/*"/>
  <con:entry key="User-Agent" value="Mozilla/5.0 (Windows NT 10.0; Win64; x64) AppleWebKit/612.1 (KHTML, like Gecko) JavaFX/17 Safari/612.1"/>
  <con:entry key="Referer" value="https://cloud.bitbar.com/"/>
  <con:entry key="If-Modified-Since" value="Tue, 16 Aug 2022 09:51:07 GMT"/>
  <con:entry key="Accept-Encoding" value="gzip"/>
  <con:entry key="Accept-Language" value="en-us;q=0.8,en;q=0.7"/>
</xml-fragment>]]></con:setting>
        </con:settings>
        <con:endpoint>https://cloud.bitbar.com</con:endpoint>
        <con:request/>
        <con:originalUri>https://cloud.bitbar.com/worker.js</con:originalUri>
        <con:credentials>
          <con:selectedAuthProfile>No Authorization</con:selectedAuthProfile>
          <con:authType>No Authorization</con:authType>
        </con:credentials>
        <con:jmsConfig JMSDeliveryMode="PERSISTENT"/>
        <con:parameters/>
      </con:restRequest>
    </con:config>
  </con:testStep>
  <con:testStep id="d1bd2229-97e0-4f5c-a033-c53ee808923c" name="A7905cd2902a2cc0c14e920779b7c2e8.css - Request 1" type="restrequest">
    <con:settings/>
    <con:config xsi:type="con:RestRequestStep" methodName="A7905cd2902a2cc0c14e920779b7c2e8.css" resourcePath="/a7905cd2902a2cc0c14e920779b7c2e8.css" service="https://cloud.bitbar.com" xmlns:xsi="http://www.w3.org/2001/XMLSchema-instance">
      <con:restRequest id="a4c5aa76-1f45-4884-9e82-bd0c9c00375d" mediaType="application/json" name="A7905cd2902a2cc0c14e920779b7c2e8.css - Request 1">
        <con:settings>
          <con:setting id="com.eviware.soapui.impl.wsdl.WsdlRequest@request-headers"><![CDATA[<xml-fragment xmlns:con="http://eviware.com/soapui/config">
  <con:entry key="If-None-Match" value="W/&quot;62fb688b-19097&quot;"/>
  <con:entry key="Accept-Charset" value="ISO-8859-1,utf-8;q=0.7,*;q=0.7"/>
  <con:entry key="Accept" value="text/css,*/*;q=0.1"/>
  <con:entry key="User-Agent" value="Mozilla/5.0 (Windows NT 10.0; Win64; x64) AppleWebKit/612.1 (KHTML, like Gecko) JavaFX/17 Safari/612.1"/>
  <con:entry key="Referer" value="https://cloud.bitbar.com/"/>
  <con:entry key="If-Modified-Since" value="Tue, 16 Aug 2022 09:51:07 GMT"/>
  <con:entry key="Accept-Encoding" value="gzip"/>
  <con:entry key="Accept-Language" value="en-us;q=0.8,en;q=0.7"/>
</xml-fragment>]]></con:setting>
        </con:settings>
        <con:endpoint>https://cloud.bitbar.com</con:endpoint>
        <con:request/>
        <con:originalUri>https://cloud.bitbar.com/a7905cd2902a2cc0c14e920779b7c2e8.css</con:originalUri>
        <con:credentials>
          <con:selectedAuthProfile>No Authorization</con:selectedAuthProfile>
          <con:authType>No Authorization</con:authType>
        </con:credentials>
        <con:jmsConfig JMSDeliveryMode="PERSISTENT"/>
        <con:parameters/>
      </con:restRequest>
    </con:config>
  </con:testStep>
  <con:testStep id="3d68f49e-4d23-4be1-89dc-90799cca72c6" name="EnvProperties.json - Request 1" type="restrequest">
    <con:settings/>
    <con:config xsi:type="con:RestRequestStep" methodName="EnvProperties.json" resourcePath="/envProperties.json" service="https://cloud.bitbar.com" xmlns:xsi="http://www.w3.org/2001/XMLSchema-instance">
      <con:restRequest id="53e28922-e422-4d3b-93cc-9fe13afb9fea" mediaType="application/json" name="EnvProperties.json - Request 1">
        <con:settings>
          <con:setting id="com.eviware.soapui.impl.wsdl.WsdlRequest@request-headers"><![CDATA[<xml-fragment xmlns:con="http://eviware.com/soapui/config">
  <con:entry key="Accept-Charset" value="ISO-8859-1,utf-8;q=0.7,*;q=0.7"/>
  <con:entry key="Accept" value="*/*"/>
  <con:entry key="User-Agent" value="Mozilla/5.0 (Windows NT 10.0; Win64; x64) AppleWebKit/612.1 (KHTML, like Gecko) JavaFX/17 Safari/612.1"/>
  <con:entry key="Referer" value="https://cloud.bitbar.com/"/>
  <con:entry key="Accept-Encoding" value="gzip"/>
  <con:entry key="Accept-Language" value="en-us;q=0.8,en;q=0.7"/>
</xml-fragment>]]></con:setting>
        </con:settings>
        <con:endpoint>https://cloud.bitbar.com</con:endpoint>
        <con:request/>
        <con:originalUri>https://cloud.bitbar.com/envProperties.json</con:originalUri>
        <con:credentials>
          <con:selectedAuthProfile>No Authorization</con:selectedAuthProfile>
          <con:authType>No Authorization</con:authType>
        </con:credentials>
        <con:jmsConfig JMSDeliveryMode="PERSISTENT"/>
        <con:parameters/>
      </con:restRequest>
    </con:config>
  </con:testStep>
  <con:testStep id="57446d55-3707-441e-9120-43db4fd87d9e" name="AppSettings.json - Request 1" type="restrequest">
    <con:settings/>
    <con:config xsi:type="con:RestRequestStep" methodName="AppSettings.json" resourcePath="/appSettings.json" service="https://cloud.bitbar.com" xmlns:xsi="http://www.w3.org/2001/XMLSchema-instance">
      <con:restRequest id="a0a5278a-043a-47e3-8641-637452e2966d" mediaType="application/json" name="AppSettings.json - Request 1">
        <con:settings>
          <con:setting id="com.eviware.soapui.impl.wsdl.WsdlRequest@request-headers"><![CDATA[<xml-fragment xmlns:con="http://eviware.com/soapui/config">
  <con:entry key="Accept-Charset" value="ISO-8859-1,utf-8;q=0.7,*;q=0.7"/>
  <con:entry key="Accept" value="*/*"/>
  <con:entry key="User-Agent" value="Mozilla/5.0 (Windows NT 10.0; Win64; x64) AppleWebKit/612.1 (KHTML, like Gecko) JavaFX/17 Safari/612.1"/>
  <con:entry key="Referer" value="https://cloud.bitbar.com/"/>
  <con:entry key="Accept-Encoding" value="gzip"/>
  <con:entry key="Accept-Language" value="en-us;q=0.8,en;q=0.7"/>
</xml-fragment>]]></con:setting>
        </con:settings>
        <con:endpoint>https://cloud.bitbar.com</con:endpoint>
        <con:request/>
        <con:originalUri>https://cloud.bitbar.com/appSettings.json</con:originalUri>
        <con:credentials>
          <con:selectedAuthProfile>No Authorization</con:selectedAuthProfile>
          <con:authType>No Authorization</con:authType>
        </con:credentials>
        <con:jmsConfig JMSDeliveryMode="PERSISTENT"/>
        <con:parameters/>
      </con:restRequest>
    </con:config>
  </con:testStep>
  <con:testStep id="3f46d86d-afe1-4d32-8fb2-fa43b1d1dbe6" name="AppSettings.json - Request 1 2" type="restrequest">
    <con:settings/>
    <con:config xsi:type="con:RestRequestStep" methodName="AppSettings.json" resourcePath="/appSettings.json" service="https://cloud.bitbar.com" xmlns:xsi="http://www.w3.org/2001/XMLSchema-instance">
      <con:restRequest id="a0a5278a-043a-47e3-8641-637452e2966d" mediaType="application/json" name="AppSettings.json - Request 1 2">
        <con:settings>
          <con:setting id="com.eviware.soapui.impl.wsdl.WsdlRequest@request-headers"><![CDATA[<xml-fragment xmlns:con="http://eviware.com/soapui/config">
  <con:entry key="Accept-Charset" value="ISO-8859-1,utf-8;q=0.7,*;q=0.7"/>
  <con:entry key="Accept" value="*/*"/>
  <con:entry key="User-Agent" value="Mozilla/5.0 (Windows NT 10.0; Win64; x64) AppleWebKit/612.1 (KHTML, like Gecko) JavaFX/17 Safari/612.1"/>
  <con:entry key="Referer" value="https://cloud.bitbar.com/"/>
  <con:entry key="Accept-Encoding" value="gzip"/>
  <con:entry key="Accept-Language" value="en-us;q=0.8,en;q=0.7"/>
</xml-fragment>]]></con:setting>
        </con:settings>
        <con:endpoint>https://cloud.bitbar.com</con:endpoint>
        <con:request/>
        <con:originalUri>https://cloud.bitbar.com/appSettings.json</con:originalUri>
        <con:credentials>
          <con:selectedAuthProfile>No Authorization</con:selectedAuthProfile>
          <con:authType>No Authorization</con:authType>
        </con:credentials>
        <con:jmsConfig JMSDeliveryMode="PERSISTENT"/>
        <con:parameters/>
      </con:restRequest>
    </con:config>
  </con:testStep><con:properties/>
  <con:reportParameters/>
</con:testCase>