<?xml version="1.0" encoding="UTF-8"?>
<con:testCase discardOkResults="false" failOnError="true" failTestCaseOnErrors="true" id="1bd5a5c1-fde3-41d3-9399-8302aeddad1d" keepSession="false" name="Test Case 2" searchProperties="true" timeout="0" xmlns:con="http://eviware.com/soapui/config">
  <con:settings>
    <con:setting id="6015afd3-c538-411d-aed8-19cf132b5a2bfileName">Test-Case-2</con:setting>
  <con:setting id="1bd5a5c1-fde3-41d3-9399-8302aeddad1dfileName">Test-Case-2</con:setting></con:settings>
  <con:testStep id="7acbfb37-6aba-46ae-a8e3-eb18728a6426" name="- Request 1" type="restrequest">
    <con:settings/>
    <con:config xsi:type="con:RestRequestStep" methodName="" resourcePath="/" service="https://cloud.bitbar.com" xmlns:xsi="http://www.w3.org/2001/XMLSchema-instance">
      <con:restRequest id="47325177-f8cd-412b-b611-7c859b04a04a" mediaType="application/json" name="- Request 1">
        <con:settings>
          <con:setting id="com.eviware.soapui.impl.wsdl.WsdlRequest@request-headers"><![CDATA[<xml-fragment xmlns:con="http://eviware.com/soapui/config">
  <con:entry key="If-None-Match" value="W/&quot;62fb688b-3b9&quot;"/>
  <con:entry key="Accept-Charset" value="ISO-8859-1,utf-8;q=0.7,*;q=0.7"/>
  <con:entry key="Accept" value="text/html,application/xhtml+xml,application/xml;q=0.9,*/*;q=0.8"/>
  <con:entry key="User-Agent" value="Mozilla/5.0 (Windows NT 10.0; Win64; x64) AppleWebKit/612.1 (KHTML, like Gecko) JavaFX/17 Safari/612.1"/>
  <con:entry key="If-Modified-Since" value="Tue, 16 Aug 2022 09:51:07 GMT"/>
  <con:entry key="Accept-Encoding" value="gzip"/>
  <con:entry key="Accept-Language" value="en-us;q=0.8,en;q=0.7"/>
</xml-fragment>]]></con:setting>
        </con:settings>
        <con:endpoint>https://cloud.bitbar.com</con:endpoint>
        <con:request/>
        <con:originalUri>https://cloud.bitbar.com/</con:originalUri>
        <con:credentials>
          <con:selectedAuthProfile>No Authorization</con:selectedAuthProfile>
          <con:authType>No Authorization</con:authType>
        </con:credentials>
        <con:jmsConfig JMSDeliveryMode="PERSISTENT"/>
        <con:parameters/>
      </con:restRequest>
    </con:config>
  </con:testStep>
  <con:testStep id="1327345a-a442-4cd6-b2c2-c30af1f430d6" name="Main~e2e93592.a2648e7172db83986c77.js - Request 1" type="restrequest">
    <con:settings/>
    <con:config xsi:type="con:RestRequestStep" methodName="Main~e2e93592.a2648e7172db83986c77.js" resourcePath="/main~e2e93592.a2648e7172db83986c77.js" service="https://cloud.bitbar.com" xmlns:xsi="http://www.w3.org/2001/XMLSchema-instance">
      <con:restRequest id="8a11db43-5c48-4f0e-96ca-8099346c6ec2" mediaType="application/json" name="Main~e2e93592.a2648e7172db83986c77.js - Request 1">
        <con:settings>
          <con:setting id="com.eviware.soapui.impl.wsdl.WsdlRequest@request-headers"><![CDATA[<xml-fragment xmlns:con="http://eviware.com/soapui/config">
  <con:entry key="If-None-Match" value="W/&quot;62fb688b-56ce5&quot;"/>
  <con:entry key="Accept-Charset" value="ISO-8859-1,utf-8;q=0.7,*;q=0.7"/>
  <con:entry key="Accept" value="*/*"/>
  <con:entry key="User-Agent" value="Mozilla/5.0 (Windows NT 10.0; Win64; x64) AppleWebKit/612.1 (KHTML, like Gecko) JavaFX/17 Safari/612.1"/>
  <con:entry key="Referer" value="https://cloud.bitbar.com/"/>
  <con:entry key="If-Modified-Since" value="Tue, 16 Aug 2022 09:51:07 GMT"/>
  <con:entry key="Accept-Encoding" value="gzip"/>
  <con:entry key="Accept-Language" value="en-us;q=0.8,en;q=0.7"/>
</xml-fragment>]]></con:setting>
        </con:settings>
        <con:endpoint>https://cloud.bitbar.com</con:endpoint>
        <con:request/>
        <con:originalUri>https://cloud.bitbar.com/main~e2e93592.a2648e7172db83986c77.js</con:originalUri>
        <con:credentials>
          <con:selectedAuthProfile>No Authorization</con:selectedAuthProfile>
          <con:authType>No Authorization</con:authType>
        </con:credentials>
        <con:jmsConfig JMSDeliveryMode="PERSISTENT"/>
        <con:parameters/>
      </con:restRequest>
    </con:config>
  </con:testStep>
  <con:testStep id="80d5d465-7a2d-426a-8a45-efaaead09c41" name="Main~db300d2f.a2648e7172db83986c77.js - Request 1" type="restrequest">
    <con:settings/>
    <con:config xsi:type="con:RestRequestStep" methodName="Main~db300d2f.a2648e7172db83986c77.js" resourcePath="/main~db300d2f.a2648e7172db83986c77.js" service="https://cloud.bitbar.com" xmlns:xsi="http://www.w3.org/2001/XMLSchema-instance">
      <con:restRequest id="586e9d48-707f-455e-b9b3-7355943182ec" mediaType="application/json" name="Main~db300d2f.a2648e7172db83986c77.js - Request 1">
        <con:settings>
          <con:setting id="com.eviware.soapui.impl.wsdl.WsdlRequest@request-headers"><![CDATA[<xml-fragment xmlns:con="http://eviware.com/soapui/config">
  <con:entry key="If-None-Match" value="W/&quot;62fb688b-3a922&quot;"/>
  <con:entry key="Accept-Charset" value="ISO-8859-1,utf-8;q=0.7,*;q=0.7"/>
  <con:entry key="Accept" value="*/*"/>
  <con:entry key="User-Agent" value="Mozilla/5.0 (Windows NT 10.0; Win64; x64) AppleWebKit/612.1 (KHTML, like Gecko) JavaFX/17 Safari/612.1"/>
  <con:entry key="Referer" value="https://cloud.bitbar.com/"/>
  <con:entry key="If-Modified-Since" value="Tue, 16 Aug 2022 09:51:07 GMT"/>
  <con:entry key="Accept-Encoding" value="gzip"/>
  <con:entry key="Accept-Language" value="en-us;q=0.8,en;q=0.7"/>
</xml-fragment>]]></con:setting>
        </con:settings>
        <con:endpoint>https://cloud.bitbar.com</con:endpoint>
        <con:request/>
        <con:originalUri>https://cloud.bitbar.com/main~db300d2f.a2648e7172db83986c77.js</con:originalUri>
        <con:credentials>
          <con:selectedAuthProfile>No Authorization</con:selectedAuthProfile>
          <con:authType>No Authorization</con:authType>
        </con:credentials>
        <con:jmsConfig JMSDeliveryMode="PERSISTENT"/>
        <con:parameters/>
      </con:restRequest>
    </con:config>
  </con:testStep>
  <con:testStep id="63557556-a076-4bdc-a2fe-f08c9dc18872" name="Main~2a42e354.a2648e7172db83986c77.js - Request 1" type="restrequest">
    <con:settings/>
    <con:config xsi:type="con:RestRequestStep" methodName="Main~2a42e354.a2648e7172db83986c77.js" resourcePath="/main~2a42e354.a2648e7172db83986c77.js" service="https://cloud.bitbar.com" xmlns:xsi="http://www.w3.org/2001/XMLSchema-instance">
      <con:restRequest id="7c36d9b1-6d37-464c-8e92-9c3e3502f3e4" mediaType="application/json" name="Main~2a42e354.a2648e7172db83986c77.js - Request 1">
        <con:settings>
          <con:setting id="com.eviware.soapui.impl.wsdl.WsdlRequest@request-headers"><![CDATA[<xml-fragment xmlns:con="http://eviware.com/soapui/config">
  <con:entry key="If-None-Match" value="W/&quot;62fb688b-22b57&quot;"/>
  <con:entry key="Accept-Charset" value="ISO-8859-1,utf-8;q=0.7,*;q=0.7"/>
  <con:entry key="Accept" value="*/*"/>
  <con:entry key="User-Agent" value="Mozilla/5.0 (Windows NT 10.0; Win64; x64) AppleWebKit/612.1 (KHTML, like Gecko) JavaFX/17 Safari/612.1"/>
  <con:entry key="Referer" value="https://cloud.bitbar.com/"/>
  <con:entry key="If-Modified-Since" value="Tue, 16 Aug 2022 09:51:07 GMT"/>
  <con:entry key="Accept-Encoding" value="gzip"/>
  <con:entry key="Accept-Language" value="en-us;q=0.8,en;q=0.7"/>
</xml-fragment>]]></con:setting>
        </con:settings>
        <con:endpoint>https://cloud.bitbar.com</con:endpoint>
        <con:request/>
        <con:originalUri>https://cloud.bitbar.com/main~2a42e354.a2648e7172db83986c77.js</con:originalUri>
        <con:credentials>
          <con:selectedAuthProfile>No Authorization</con:selectedAuthProfile>
          <con:authType>No Authorization</con:authType>
        </con:credentials>
        <con:jmsConfig JMSDeliveryMode="PERSISTENT"/>
        <con:parameters/>
      </con:restRequest>
    </con:config>
  </con:testStep>
  <con:testStep id="89dce39c-cb85-4785-9ba5-c41248bc80fe" name="Main~ec8c427e.a2648e7172db83986c77.js - Request 1" type="restrequest">
    <con:settings/>
    <con:config xsi:type="con:RestRequestStep" methodName="Main~ec8c427e.a2648e7172db83986c77.js" resourcePath="/main~ec8c427e.a2648e7172db83986c77.js" service="https://cloud.bitbar.com" xmlns:xsi="http://www.w3.org/2001/XMLSchema-instance">
      <con:restRequest id="dbe4387b-017e-453b-a81d-a9b80039d89b" mediaType="application/json" name="Main~ec8c427e.a2648e7172db83986c77.js - Request 1">
        <con:settings>
          <con:setting id="com.eviware.soapui.impl.wsdl.WsdlRequest@request-headers"><![CDATA[<xml-fragment xmlns:con="http://eviware.com/soapui/config">
  <con:entry key="If-None-Match" value="W/&quot;62fb688b-7dd3&quot;"/>
  <con:entry key="Accept-Charset" value="ISO-8859-1,utf-8;q=0.7,*;q=0.7"/>
  <con:entry key="Accept" value="*/*"/>
  <con:entry key="User-Agent" value="Mozilla/5.0 (Windows NT 10.0; Win64; x64) AppleWebKit/612.1 (KHTML, like Gecko) JavaFX/17 Safari/612.1"/>
  <con:entry key="Referer" value="https://cloud.bitbar.com/"/>
  <con:entry key="If-Modified-Since" value="Tue, 16 Aug 2022 09:51:07 GMT"/>
  <con:entry key="Accept-Encoding" value="gzip"/>
  <con:entry key="Accept-Language" value="en-us;q=0.8,en;q=0.7"/>
</xml-fragment>]]></con:setting>
        </con:settings>
        <con:endpoint>https://cloud.bitbar.com</con:endpoint>
        <con:request/>
        <con:originalUri>https://cloud.bitbar.com/main~ec8c427e.a2648e7172db83986c77.js</con:originalUri>
        <con:credentials>
          <con:selectedAuthProfile>No Authorization</con:selectedAuthProfile>
          <con:authType>No Authorization</con:authType>
        </con:credentials>
        <con:jmsConfig JMSDeliveryMode="PERSISTENT"/>
        <con:parameters/>
      </con:restRequest>
    </con:config>
  </con:testStep>
  <con:testStep id="ae4c8cbd-e9e3-426b-87f8-e85dbb8f101d" name="Main.js - Request 1" type="restrequest">
    <con:settings/>
    <con:config xsi:type="con:RestRequestStep" methodName="Main.js" resourcePath="/main.js" service="https://cloud.bitbar.com" xmlns:xsi="http://www.w3.org/2001/XMLSchema-instance">
      <con:restRequest id="ff668b05-9d84-47d8-a769-0532a3dd98ff" mediaType="application/json" name="Main.js - Request 1">
        <con:settings>
          <con:setting id="com.eviware.soapui.impl.wsdl.WsdlRequest@request-headers"><![CDATA[<xml-fragment xmlns:con="http://eviware.com/soapui/config">
  <con:entry key="If-None-Match" value="W/&quot;62fb688b-92b36&quot;"/>
  <con:entry key="Accept-Charset" value="ISO-8859-1,utf-8;q=0.7,*;q=0.7"/>
  <con:entry key="Accept" value="*/*"/>
  <con:entry key="User-Agent" value="Mozilla/5.0 (Windows NT 10.0; Win64; x64) AppleWebKit/612.1 (KHTML, like Gecko) JavaFX/17 Safari/612.1"/>
  <con:entry key="Referer" value="https://cloud.bitbar.com/"/>
  <con:entry key="If-Modified-Since" value="Tue, 16 Aug 2022 09:51:07 GMT"/>
  <con:entry key="Accept-Encoding" value="gzip"/>
  <con:entry key="Accept-Language" value="en-us;q=0.8,en;q=0.7"/>
</xml-fragment>]]></con:setting>
        </con:settings>
        <con:endpoint>https://cloud.bitbar.com</con:endpoint>
        <con:request/>
        <con:originalUri>https://cloud.bitbar.com/main.js</con:originalUri>
        <con:credentials>
          <con:selectedAuthProfile>No Authorization</con:selectedAuthProfile>
          <con:authType>No Authorization</con:authType>
        </con:credentials>
        <con:jmsConfig JMSDeliveryMode="PERSISTENT"/>
        <con:parameters/>
      </con:restRequest>
    </con:config>
  </con:testStep>
  <con:testStep id="f71cf2fa-d19c-4c31-8dda-f31bdbab5291" name="Main~cfbf0a2e.a2648e7172db83986c77.js - Request 1" type="restrequest">
    <con:settings/>
    <con:config xsi:type="con:RestRequestStep" methodName="Main~cfbf0a2e.a2648e7172db83986c77.js" resourcePath="/main~cfbf0a2e.a2648e7172db83986c77.js" service="https://cloud.bitbar.com" xmlns:xsi="http://www.w3.org/2001/XMLSchema-instance">
      <con:restRequest id="70ba87ea-73e0-4c75-a9ae-fa0efd717a51" mediaType="application/json" name="Main~cfbf0a2e.a2648e7172db83986c77.js - Request 1">
        <con:settings>
          <con:setting id="com.eviware.soapui.impl.wsdl.WsdlRequest@request-headers"><![CDATA[<xml-fragment xmlns:con="http://eviware.com/soapui/config">
  <con:entry key="If-None-Match" value="W/&quot;62fb688b-288a8&quot;"/>
  <con:entry key="Accept-Charset" value="ISO-8859-1,utf-8;q=0.7,*;q=0.7"/>
  <con:entry key="Accept" value="*/*"/>
  <con:entry key="User-Agent" value="Mozilla/5.0 (Windows NT 10.0; Win64; x64) AppleWebKit/612.1 (KHTML, like Gecko) JavaFX/17 Safari/612.1"/>
  <con:entry key="Referer" value="https://cloud.bitbar.com/"/>
  <con:entry key="If-Modified-Since" value="Tue, 16 Aug 2022 09:51:07 GMT"/>
  <con:entry key="Accept-Encoding" value="gzip"/>
  <con:entry key="Accept-Language" value="en-us;q=0.8,en;q=0.7"/>
</xml-fragment>]]></con:setting>
        </con:settings>
        <con:endpoint>https://cloud.bitbar.com</con:endpoint>
        <con:request/>
        <con:originalUri>https://cloud.bitbar.com/main~cfbf0a2e.a2648e7172db83986c77.js</con:originalUri>
        <con:credentials>
          <con:selectedAuthProfile>No Authorization</con:selectedAuthProfile>
          <con:authType>No Authorization</con:authType>
        </con:credentials>
        <con:jmsConfig JMSDeliveryMode="PERSISTENT"/>
        <con:parameters/>
      </con:restRequest>
    </con:config>
  </con:testStep>
  <con:testStep id="b95abcac-3dab-4a5c-899f-1d87b0c12377" name="Worker.js - Request 1" type="restrequest">
    <con:settings/>
    <con:config xsi:type="con:RestRequestStep" methodName="Worker.js" resourcePath="/worker.js" service="https://cloud.bitbar.com" xmlns:xsi="http://www.w3.org/2001/XMLSchema-instance">
      <con:restRequest id="5e9825bd-2b97-423d-85a1-39ffa62fe3a5" mediaType="application/json" name="Worker.js - Request 1">
        <con:settings>
          <con:setting id="com.eviware.soapui.impl.wsdl.WsdlRequest@request-headers"><![CDATA[<xml-fragment xmlns:con="http://eviware.com/soapui/config">
  <con:entry key="If-None-Match" value="W/&quot;62fb688b-e59&quot;"/>
  <con:entry key="Accept-Charset" value="ISO-8859-1,utf-8;q=0.7,*;q=0.7"/>
  <con:entry key="Accept" value="*/*"/>
  <con:entry key="User-Agent" value="Mozilla/5.0 (Windows NT 10.0; Win64; x64) AppleWebKit/612.1 (KHTML, like Gecko) JavaFX/17 Safari/612.1"/>
  <con:entry key="Referer" value="https://cloud.bitbar.com/"/>
  <con:entry key="If-Modified-Since" value="Tue, 16 Aug 2022 09:51:07 GMT"/>
  <con:entry key="Accept-Encoding" value="gzip"/>
  <con:entry key="Accept-Language" value="en-us;q=0.8,en;q=0.7"/>
</xml-fragment>]]></con:setting>
        </con:settings>
        <con:endpoint>https://cloud.bitbar.com</con:endpoint>
        <con:request/>
        <con:originalUri>https://cloud.bitbar.com/worker.js</con:originalUri>
        <con:credentials>
          <con:selectedAuthProfile>No Authorization</con:selectedAuthProfile>
          <con:authType>No Authorization</con:authType>
        </con:credentials>
        <con:jmsConfig JMSDeliveryMode="PERSISTENT"/>
        <con:parameters/>
      </con:restRequest>
    </con:config>
  </con:testStep>
  <con:testStep id="a8f05149-f9ea-4e25-b0f5-39538bb0ddc5" name="A7905cd2902a2cc0c14e920779b7c2e8.css - Request 1" type="restrequest">
    <con:settings/>
    <con:config xsi:type="con:RestRequestStep" methodName="A7905cd2902a2cc0c14e920779b7c2e8.css" resourcePath="/a7905cd2902a2cc0c14e920779b7c2e8.css" service="https://cloud.bitbar.com" xmlns:xsi="http://www.w3.org/2001/XMLSchema-instance">
      <con:restRequest id="a4c5aa76-1f45-4884-9e82-bd0c9c00375d" mediaType="application/json" name="A7905cd2902a2cc0c14e920779b7c2e8.css - Request 1">
        <con:settings>
          <con:setting id="com.eviware.soapui.impl.wsdl.WsdlRequest@request-headers"><![CDATA[<xml-fragment xmlns:con="http://eviware.com/soapui/config">
  <con:entry key="If-None-Match" value="W/&quot;62fb688b-19097&quot;"/>
  <con:entry key="Accept-Charset" value="ISO-8859-1,utf-8;q=0.7,*;q=0.7"/>
  <con:entry key="Accept" value="text/css,*/*;q=0.1"/>
  <con:entry key="User-Agent" value="Mozilla/5.0 (Windows NT 10.0; Win64; x64) AppleWebKit/612.1 (KHTML, like Gecko) JavaFX/17 Safari/612.1"/>
  <con:entry key="Referer" value="https://cloud.bitbar.com/"/>
  <con:entry key="If-Modified-Since" value="Tue, 16 Aug 2022 09:51:07 GMT"/>
  <con:entry key="Accept-Encoding" value="gzip"/>
  <con:entry key="Accept-Language" value="en-us;q=0.8,en;q=0.7"/>
</xml-fragment>]]></con:setting>
        </con:settings>
        <con:endpoint>https://cloud.bitbar.com</con:endpoint>
        <con:request/>
        <con:originalUri>https://cloud.bitbar.com/a7905cd2902a2cc0c14e920779b7c2e8.css</con:originalUri>
        <con:credentials>
          <con:selectedAuthProfile>No Authorization</con:selectedAuthProfile>
          <con:authType>No Authorization</con:authType>
        </con:credentials>
        <con:jmsConfig JMSDeliveryMode="PERSISTENT"/>
        <con:parameters/>
      </con:restRequest>
    </con:config>
  </con:testStep>
  <con:testStep id="1901a266-0414-4d4a-8640-e7404ec3da1d" name="EnvProperties.json - Request 1" type="restrequest">
    <con:settings/>
    <con:config xsi:type="con:RestRequestStep" methodName="EnvProperties.json" resourcePath="/envProperties.json" service="https://cloud.bitbar.com" xmlns:xsi="http://www.w3.org/2001/XMLSchema-instance">
      <con:restRequest id="53e28922-e422-4d3b-93cc-9fe13afb9fea" mediaType="application/json" name="EnvProperties.json - Request 1">
        <con:settings>
          <con:setting id="com.eviware.soapui.impl.wsdl.WsdlRequest@request-headers"><![CDATA[<xml-fragment xmlns:con="http://eviware.com/soapui/config">
  <con:entry key="Accept-Charset" value="ISO-8859-1,utf-8;q=0.7,*;q=0.7"/>
  <con:entry key="Accept" value="*/*"/>
  <con:entry key="User-Agent" value="Mozilla/5.0 (Windows NT 10.0; Win64; x64) AppleWebKit/612.1 (KHTML, like Gecko) JavaFX/17 Safari/612.1"/>
  <con:entry key="Referer" value="https://cloud.bitbar.com/"/>
  <con:entry key="Accept-Encoding" value="gzip"/>
  <con:entry key="Accept-Language" value="en-us;q=0.8,en;q=0.7"/>
</xml-fragment>]]></con:setting>
        </con:settings>
        <con:endpoint>https://cloud.bitbar.com</con:endpoint>
        <con:request/>
        <con:originalUri>https://cloud.bitbar.com/envProperties.json</con:originalUri>
        <con:credentials>
          <con:selectedAuthProfile>No Authorization</con:selectedAuthProfile>
          <con:authType>No Authorization</con:authType>
        </con:credentials>
        <con:jmsConfig JMSDeliveryMode="PERSISTENT"/>
        <con:parameters/>
      </con:restRequest>
    </con:config>
  </con:testStep>
  <con:testStep id="756b6421-2cdf-4726-bbdf-e1ffc53074d6" name="AppSettings.json - Request 1" type="restrequest">
    <con:settings/>
    <con:config xsi:type="con:RestRequestStep" methodName="AppSettings.json" resourcePath="/appSettings.json" service="https://cloud.bitbar.com" xmlns:xsi="http://www.w3.org/2001/XMLSchema-instance">
      <con:restRequest id="a0a5278a-043a-47e3-8641-637452e2966d" mediaType="application/json" name="AppSettings.json - Request 1">
        <con:settings>
          <con:setting id="com.eviware.soapui.impl.wsdl.WsdlRequest@request-headers"><![CDATA[<xml-fragment xmlns:con="http://eviware.com/soapui/config">
  <con:entry key="Accept-Charset" value="ISO-8859-1,utf-8;q=0.7,*;q=0.7"/>
  <con:entry key="Accept" value="*/*"/>
  <con:entry key="User-Agent" value="Mozilla/5.0 (Windows NT 10.0; Win64; x64) AppleWebKit/612.1 (KHTML, like Gecko) JavaFX/17 Safari/612.1"/>
  <con:entry key="Referer" value="https://cloud.bitbar.com/"/>
  <con:entry key="Accept-Encoding" value="gzip"/>
  <con:entry key="Accept-Language" value="en-us;q=0.8,en;q=0.7"/>
</xml-fragment>]]></con:setting>
        </con:settings>
        <con:endpoint>https://cloud.bitbar.com</con:endpoint>
        <con:request/>
        <con:originalUri>https://cloud.bitbar.com/appSettings.json</con:originalUri>
        <con:credentials>
          <con:selectedAuthProfile>No Authorization</con:selectedAuthProfile>
          <con:authType>No Authorization</con:authType>
        </con:credentials>
        <con:jmsConfig JMSDeliveryMode="PERSISTENT"/>
        <con:parameters/>
      </con:restRequest>
    </con:config>
  </con:testStep>
  <con:properties/>
  <con:reportParameters/>
</con:testCase>