<?xml version="1.0" encoding="UTF-8"?>
<con:testCase discardOkResults="false" failOnError="true" failTestCaseOnErrors="true" id="6015afd3-c538-411d-aed8-19cf132b5a2b" keepSession="false" name="Test Case 2" searchProperties="true" timeout="0" xmlns:con="http://eviware.com/soapui/config">
  <con:settings>
    <con:setting id="6015afd3-c538-411d-aed8-19cf132b5a2bfileName">Test-Case-2</con:setting>
  </con:settings>
  <con:testStep id="f06e6e69-964e-4946-8a9a-7384e9c7c783" name="- Request 1" type="restrequest">
    <con:settings/>
    <con:config xsi:type="con:RestRequestStep" methodName="" resourcePath="/" service="https://cloud.bitbar.com" xmlns:xsi="http://www.w3.org/2001/XMLSchema-instance">
      <con:restRequest id="47325177-f8cd-412b-b611-7c859b04a04a" mediaType="application/json" name="- Request 1">
        <con:settings>
          <con:setting id="com.eviware.soapui.impl.wsdl.WsdlRequest@request-headers"><![CDATA[<xml-fragment xmlns:con="http://eviware.com/soapui/config">
  <con:entry key="If-None-Match" value="W/&quot;62fb688b-3b9&quot;"/>
  <con:entry key="Accept-Charset" value="ISO-8859-1,utf-8;q=0.7,*;q=0.7"/>
  <con:entry key="Accept" value="text/html,application/xhtml+xml,application/xml;q=0.9,*/*;q=0.8"/>
  <con:entry key="User-Agent" value="Mozilla/5.0 (Windows NT 10.0; Win64; x64) AppleWebKit/612.1 (KHTML, like Gecko) JavaFX/17 Safari/612.1"/>
  <con:entry key="If-Modified-Since" value="Tue, 16 Aug 2022 09:51:07 GMT"/>
  <con:entry key="Accept-Encoding" value="gzip"/>
  <con:entry key="Accept-Language" value="en-us;q=0.8,en;q=0.7"/>
</xml-fragment>]]></con:setting>
        </con:settings>
        <con:endpoint>https://cloud.bitbar.com</con:endpoint>
        <con:request/>
        <con:originalUri>https://cloud.bitbar.com/</con:originalUri>
        <con:credentials>
          <con:selectedAuthProfile>No Authorization</con:selectedAuthProfile>
          <con:authType>No Authorization</con:authType>
        </con:credentials>
        <con:jmsConfig JMSDeliveryMode="PERSISTENT"/>
        <con:parameters/>
      </con:restRequest>
    </con:config>
  </con:testStep>
  <con:testStep id="3765ccde-9555-4f39-91e0-6acc836cf7d4" name="Main~e2e93592.a2648e7172db83986c77.js - Request 1" type="restrequest">
    <con:settings/>
    <con:config xsi:type="con:RestRequestStep" methodName="Main~e2e93592.a2648e7172db83986c77.js" resourcePath="/main~e2e93592.a2648e7172db83986c77.js" service="https://cloud.bitbar.com" xmlns:xsi="http://www.w3.org/2001/XMLSchema-instance">
      <con:restRequest id="8a11db43-5c48-4f0e-96ca-8099346c6ec2" mediaType="application/json" name="Main~e2e93592.a2648e7172db83986c77.js - Request 1">
        <con:settings>
          <con:setting id="com.eviware.soapui.impl.wsdl.WsdlRequest@request-headers"><![CDATA[<xml-fragment xmlns:con="http://eviware.com/soapui/config">
  <con:entry key="If-None-Match" value="W/&quot;62fb688b-56ce5&quot;"/>
  <con:entry key="Accept-Charset" value="ISO-8859-1,utf-8;q=0.7,*;q=0.7"/>
  <con:entry key="Accept" value="*/*"/>
  <con:entry key="User-Agent" value="Mozilla/5.0 (Windows NT 10.0; Win64; x64) AppleWebKit/612.1 (KHTML, like Gecko) JavaFX/17 Safari/612.1"/>
  <con:entry key="Referer" value="https://cloud.bitbar.com/"/>
  <con:entry key="If-Modified-Since" value="Tue, 16 Aug 2022 09:51:07 GMT"/>
  <con:entry key="Accept-Encoding" value="gzip"/>
  <con:entry key="Accept-Language" value="en-us;q=0.8,en;q=0.7"/>
</xml-fragment>]]></con:setting>
        </con:settings>
        <con:endpoint>https://cloud.bitbar.com</con:endpoint>
        <con:request/>
        <con:originalUri>https://cloud.bitbar.com/main~e2e93592.a2648e7172db83986c77.js</con:originalUri>
        <con:credentials>
          <con:selectedAuthProfile>No Authorization</con:selectedAuthProfile>
          <con:authType>No Authorization</con:authType>
        </con:credentials>
        <con:jmsConfig JMSDeliveryMode="PERSISTENT"/>
        <con:parameters/>
      </con:restRequest>
    </con:config>
  </con:testStep>
  <con:testStep id="6b4e50b3-7dd6-48e2-b140-e9725ba4672f" name="Main~db300d2f.a2648e7172db83986c77.js - Request 1" type="restrequest">
    <con:settings/>
    <con:config xsi:type="con:RestRequestStep" methodName="Main~db300d2f.a2648e7172db83986c77.js" resourcePath="/main~db300d2f.a2648e7172db83986c77.js" service="https://cloud.bitbar.com" xmlns:xsi="http://www.w3.org/2001/XMLSchema-instance">
      <con:restRequest id="586e9d48-707f-455e-b9b3-7355943182ec" mediaType="application/json" name="Main~db300d2f.a2648e7172db83986c77.js - Request 1">
        <con:settings>
          <con:setting id="com.eviware.soapui.impl.wsdl.WsdlRequest@request-headers"><![CDATA[<xml-fragment xmlns:con="http://eviware.com/soapui/config">
  <con:entry key="If-None-Match" value="W/&quot;62fb688b-3a922&quot;"/>
  <con:entry key="Accept-Charset" value="ISO-8859-1,utf-8;q=0.7,*;q=0.7"/>
  <con:entry key="Accept" value="*/*"/>
  <con:entry key="User-Agent" value="Mozilla/5.0 (Windows NT 10.0; Win64; x64) AppleWebKit/612.1 (KHTML, like Gecko) JavaFX/17 Safari/612.1"/>
  <con:entry key="Referer" value="https://cloud.bitbar.com/"/>
  <con:entry key="If-Modified-Since" value="Tue, 16 Aug 2022 09:51:07 GMT"/>
  <con:entry key="Accept-Encoding" value="gzip"/>
  <con:entry key="Accept-Language" value="en-us;q=0.8,en;q=0.7"/>
</xml-fragment>]]></con:setting>
        </con:settings>
        <con:endpoint>https://cloud.bitbar.com</con:endpoint>
        <con:request/>
        <con:originalUri>https://cloud.bitbar.com/main~db300d2f.a2648e7172db83986c77.js</con:originalUri>
        <con:credentials>
          <con:selectedAuthProfile>No Authorization</con:selectedAuthProfile>
          <con:authType>No Authorization</con:authType>
        </con:credentials>
        <con:jmsConfig JMSDeliveryMode="PERSISTENT"/>
        <con:parameters/>
      </con:restRequest>
    </con:config>
  </con:testStep>
  <con:testStep id="ab41f8ab-cecc-4858-8aa9-f74474168589" name="Main~2a42e354.a2648e7172db83986c77.js - Request 1" type="restrequest">
    <con:settings/>
    <con:config xsi:type="con:RestRequestStep" methodName="Main~2a42e354.a2648e7172db83986c77.js" resourcePath="/main~2a42e354.a2648e7172db83986c77.js" service="https://cloud.bitbar.com" xmlns:xsi="http://www.w3.org/2001/XMLSchema-instance">
      <con:restRequest id="7c36d9b1-6d37-464c-8e92-9c3e3502f3e4" mediaType="application/json" name="Main~2a42e354.a2648e7172db83986c77.js - Request 1">
        <con:settings>
          <con:setting id="com.eviware.soapui.impl.wsdl.WsdlRequest@request-headers"><![CDATA[<xml-fragment xmlns:con="http://eviware.com/soapui/config">
  <con:entry key="If-None-Match" value="W/&quot;62fb688b-22b57&quot;"/>
  <con:entry key="Accept-Charset" value="ISO-8859-1,utf-8;q=0.7,*;q=0.7"/>
  <con:entry key="Accept" value="*/*"/>
  <con:entry key="User-Agent" value="Mozilla/5.0 (Windows NT 10.0; Win64; x64) AppleWebKit/612.1 (KHTML, like Gecko) JavaFX/17 Safari/612.1"/>
  <con:entry key="Referer" value="https://cloud.bitbar.com/"/>
  <con:entry key="If-Modified-Since" value="Tue, 16 Aug 2022 09:51:07 GMT"/>
  <con:entry key="Accept-Encoding" value="gzip"/>
  <con:entry key="Accept-Language" value="en-us;q=0.8,en;q=0.7"/>
</xml-fragment>]]></con:setting>
        </con:settings>
        <con:endpoint>https://cloud.bitbar.com</con:endpoint>
        <con:request/>
        <con:originalUri>https://cloud.bitbar.com/main~2a42e354.a2648e7172db83986c77.js</con:originalUri>
        <con:credentials>
          <con:selectedAuthProfile>No Authorization</con:selectedAuthProfile>
          <con:authType>No Authorization</con:authType>
        </con:credentials>
        <con:jmsConfig JMSDeliveryMode="PERSISTENT"/>
        <con:parameters/>
      </con:restRequest>
    </con:config>
  </con:testStep>
  <con:testStep id="181a70b5-aeaf-41b9-bf0a-0be91e05886d" name="Main~ec8c427e.a2648e7172db83986c77.js - Request 1" type="restrequest">
    <con:settings/>
    <con:config xsi:type="con:RestRequestStep" methodName="Main~ec8c427e.a2648e7172db83986c77.js" resourcePath="/main~ec8c427e.a2648e7172db83986c77.js" service="https://cloud.bitbar.com" xmlns:xsi="http://www.w3.org/2001/XMLSchema-instance">
      <con:restRequest id="dbe4387b-017e-453b-a81d-a9b80039d89b" mediaType="application/json" name="Main~ec8c427e.a2648e7172db83986c77.js - Request 1">
        <con:settings>
          <con:setting id="com.eviware.soapui.impl.wsdl.WsdlRequest@request-headers"><![CDATA[<xml-fragment xmlns:con="http://eviware.com/soapui/config">
  <con:entry key="If-None-Match" value="W/&quot;62fb688b-7dd3&quot;"/>
  <con:entry key="Accept-Charset" value="ISO-8859-1,utf-8;q=0.7,*;q=0.7"/>
  <con:entry key="Accept" value="*/*"/>
  <con:entry key="User-Agent" value="Mozilla/5.0 (Windows NT 10.0; Win64; x64) AppleWebKit/612.1 (KHTML, like Gecko) JavaFX/17 Safari/612.1"/>
  <con:entry key="Referer" value="https://cloud.bitbar.com/"/>
  <con:entry key="If-Modified-Since" value="Tue, 16 Aug 2022 09:51:07 GMT"/>
  <con:entry key="Accept-Encoding" value="gzip"/>
  <con:entry key="Accept-Language" value="en-us;q=0.8,en;q=0.7"/>
</xml-fragment>]]></con:setting>
        </con:settings>
        <con:endpoint>https://cloud.bitbar.com</con:endpoint>
        <con:request/>
        <con:originalUri>https://cloud.bitbar.com/main~ec8c427e.a2648e7172db83986c77.js</con:originalUri>
        <con:credentials>
          <con:selectedAuthProfile>No Authorization</con:selectedAuthProfile>
          <con:authType>No Authorization</con:authType>
        </con:credentials>
        <con:jmsConfig JMSDeliveryMode="PERSISTENT"/>
        <con:parameters/>
      </con:restRequest>
    </con:config>
  </con:testStep>
  <con:testStep id="56c95033-3da6-480f-b216-ecafcc51ac5b" name="Main.js - Request 1" type="restrequest">
    <con:settings/>
    <con:config xsi:type="con:RestRequestStep" methodName="Main.js" resourcePath="/main.js" service="https://cloud.bitbar.com" xmlns:xsi="http://www.w3.org/2001/XMLSchema-instance">
      <con:restRequest id="ff668b05-9d84-47d8-a769-0532a3dd98ff" mediaType="application/json" name="Main.js - Request 1">
        <con:settings>
          <con:setting id="com.eviware.soapui.impl.wsdl.WsdlRequest@request-headers"><![CDATA[<xml-fragment xmlns:con="http://eviware.com/soapui/config">
  <con:entry key="If-None-Match" value="W/&quot;62fb688b-92b36&quot;"/>
  <con:entry key="Accept-Charset" value="ISO-8859-1,utf-8;q=0.7,*;q=0.7"/>
  <con:entry key="Accept" value="*/*"/>
  <con:entry key="User-Agent" value="Mozilla/5.0 (Windows NT 10.0; Win64; x64) AppleWebKit/612.1 (KHTML, like Gecko) JavaFX/17 Safari/612.1"/>
  <con:entry key="Referer" value="https://cloud.bitbar.com/"/>
  <con:entry key="If-Modified-Since" value="Tue, 16 Aug 2022 09:51:07 GMT"/>
  <con:entry key="Accept-Encoding" value="gzip"/>
  <con:entry key="Accept-Language" value="en-us;q=0.8,en;q=0.7"/>
</xml-fragment>]]></con:setting>
        </con:settings>
        <con:endpoint>https://cloud.bitbar.com</con:endpoint>
        <con:request/>
        <con:originalUri>https://cloud.bitbar.com/main.js</con:originalUri>
        <con:credentials>
          <con:selectedAuthProfile>No Authorization</con:selectedAuthProfile>
          <con:authType>No Authorization</con:authType>
        </con:credentials>
        <con:jmsConfig JMSDeliveryMode="PERSISTENT"/>
        <con:parameters/>
      </con:restRequest>
    </con:config>
  </con:testStep>
  <con:testStep id="e4f92b78-f001-45fc-9459-8a0b602aeb8d" name="Main~cfbf0a2e.a2648e7172db83986c77.js - Request 1" type="restrequest">
    <con:settings/>
    <con:config xsi:type="con:RestRequestStep" methodName="Main~cfbf0a2e.a2648e7172db83986c77.js" resourcePath="/main~cfbf0a2e.a2648e7172db83986c77.js" service="https://cloud.bitbar.com" xmlns:xsi="http://www.w3.org/2001/XMLSchema-instance">
      <con:restRequest id="70ba87ea-73e0-4c75-a9ae-fa0efd717a51" mediaType="application/json" name="Main~cfbf0a2e.a2648e7172db83986c77.js - Request 1">
        <con:settings>
          <con:setting id="com.eviware.soapui.impl.wsdl.WsdlRequest@request-headers"><![CDATA[<xml-fragment xmlns:con="http://eviware.com/soapui/config">
  <con:entry key="If-None-Match" value="W/&quot;62fb688b-288a8&quot;"/>
  <con:entry key="Accept-Charset" value="ISO-8859-1,utf-8;q=0.7,*;q=0.7"/>
  <con:entry key="Accept" value="*/*"/>
  <con:entry key="User-Agent" value="Mozilla/5.0 (Windows NT 10.0; Win64; x64) AppleWebKit/612.1 (KHTML, like Gecko) JavaFX/17 Safari/612.1"/>
  <con:entry key="Referer" value="https://cloud.bitbar.com/"/>
  <con:entry key="If-Modified-Since" value="Tue, 16 Aug 2022 09:51:07 GMT"/>
  <con:entry key="Accept-Encoding" value="gzip"/>
  <con:entry key="Accept-Language" value="en-us;q=0.8,en;q=0.7"/>
</xml-fragment>]]></con:setting>
        </con:settings>
        <con:endpoint>https://cloud.bitbar.com</con:endpoint>
        <con:request/>
        <con:originalUri>https://cloud.bitbar.com/main~cfbf0a2e.a2648e7172db83986c77.js</con:originalUri>
        <con:credentials>
          <con:selectedAuthProfile>No Authorization</con:selectedAuthProfile>
          <con:authType>No Authorization</con:authType>
        </con:credentials>
        <con:jmsConfig JMSDeliveryMode="PERSISTENT"/>
        <con:parameters/>
      </con:restRequest>
    </con:config>
  </con:testStep>
  <con:testStep id="c38db200-dfaa-44d8-a109-f7a84f28a139" name="Worker.js - Request 1" type="restrequest">
    <con:settings/>
    <con:config xsi:type="con:RestRequestStep" methodName="Worker.js" resourcePath="/worker.js" service="https://cloud.bitbar.com" xmlns:xsi="http://www.w3.org/2001/XMLSchema-instance">
      <con:restRequest id="5e9825bd-2b97-423d-85a1-39ffa62fe3a5" mediaType="application/json" name="Worker.js - Request 1">
        <con:settings>
          <con:setting id="com.eviware.soapui.impl.wsdl.WsdlRequest@request-headers"><![CDATA[<xml-fragment xmlns:con="http://eviware.com/soapui/config">
  <con:entry key="If-None-Match" value="W/&quot;62fb688b-e59&quot;"/>
  <con:entry key="Accept-Charset" value="ISO-8859-1,utf-8;q=0.7,*;q=0.7"/>
  <con:entry key="Accept" value="*/*"/>
  <con:entry key="User-Agent" value="Mozilla/5.0 (Windows NT 10.0; Win64; x64) AppleWebKit/612.1 (KHTML, like Gecko) JavaFX/17 Safari/612.1"/>
  <con:entry key="Referer" value="https://cloud.bitbar.com/"/>
  <con:entry key="If-Modified-Since" value="Tue, 16 Aug 2022 09:51:07 GMT"/>
  <con:entry key="Accept-Encoding" value="gzip"/>
  <con:entry key="Accept-Language" value="en-us;q=0.8,en;q=0.7"/>
</xml-fragment>]]></con:setting>
        </con:settings>
        <con:endpoint>https://cloud.bitbar.com</con:endpoint>
        <con:request/>
        <con:originalUri>https://cloud.bitbar.com/worker.js</con:originalUri>
        <con:credentials>
          <con:selectedAuthProfile>No Authorization</con:selectedAuthProfile>
          <con:authType>No Authorization</con:authType>
        </con:credentials>
        <con:jmsConfig JMSDeliveryMode="PERSISTENT"/>
        <con:parameters/>
      </con:restRequest>
    </con:config>
  </con:testStep>
  <con:testStep id="6431ab6e-450c-47f5-8b23-f3b570503a97" name="A7905cd2902a2cc0c14e920779b7c2e8.css - Request 1" type="restrequest">
    <con:settings/>
    <con:config xsi:type="con:RestRequestStep" methodName="A7905cd2902a2cc0c14e920779b7c2e8.css" resourcePath="/a7905cd2902a2cc0c14e920779b7c2e8.css" service="https://cloud.bitbar.com" xmlns:xsi="http://www.w3.org/2001/XMLSchema-instance">
      <con:restRequest id="a4c5aa76-1f45-4884-9e82-bd0c9c00375d" mediaType="application/json" name="A7905cd2902a2cc0c14e920779b7c2e8.css - Request 1">
        <con:settings>
          <con:setting id="com.eviware.soapui.impl.wsdl.WsdlRequest@request-headers"><![CDATA[<xml-fragment xmlns:con="http://eviware.com/soapui/config">
  <con:entry key="If-None-Match" value="W/&quot;62fb688b-19097&quot;"/>
  <con:entry key="Accept-Charset" value="ISO-8859-1,utf-8;q=0.7,*;q=0.7"/>
  <con:entry key="Accept" value="text/css,*/*;q=0.1"/>
  <con:entry key="User-Agent" value="Mozilla/5.0 (Windows NT 10.0; Win64; x64) AppleWebKit/612.1 (KHTML, like Gecko) JavaFX/17 Safari/612.1"/>
  <con:entry key="Referer" value="https://cloud.bitbar.com/"/>
  <con:entry key="If-Modified-Since" value="Tue, 16 Aug 2022 09:51:07 GMT"/>
  <con:entry key="Accept-Encoding" value="gzip"/>
  <con:entry key="Accept-Language" value="en-us;q=0.8,en;q=0.7"/>
</xml-fragment>]]></con:setting>
        </con:settings>
        <con:endpoint>https://cloud.bitbar.com</con:endpoint>
        <con:request/>
        <con:originalUri>https://cloud.bitbar.com/a7905cd2902a2cc0c14e920779b7c2e8.css</con:originalUri>
        <con:credentials>
          <con:selectedAuthProfile>No Authorization</con:selectedAuthProfile>
          <con:authType>No Authorization</con:authType>
        </con:credentials>
        <con:jmsConfig JMSDeliveryMode="PERSISTENT"/>
        <con:parameters/>
      </con:restRequest>
    </con:config>
  </con:testStep>
  <con:testStep id="0c3b4e43-56a4-4b1c-a9bf-351e256e62c4" name="EnvProperties.json - Request 1" type="restrequest">
    <con:settings/>
    <con:config xsi:type="con:RestRequestStep" methodName="EnvProperties.json" resourcePath="/envProperties.json" service="https://cloud.bitbar.com" xmlns:xsi="http://www.w3.org/2001/XMLSchema-instance">
      <con:restRequest id="53e28922-e422-4d3b-93cc-9fe13afb9fea" mediaType="application/json" name="EnvProperties.json - Request 1">
        <con:settings>
          <con:setting id="com.eviware.soapui.impl.wsdl.WsdlRequest@request-headers"><![CDATA[<xml-fragment xmlns:con="http://eviware.com/soapui/config">
  <con:entry key="Accept-Charset" value="ISO-8859-1,utf-8;q=0.7,*;q=0.7"/>
  <con:entry key="Accept" value="*/*"/>
  <con:entry key="User-Agent" value="Mozilla/5.0 (Windows NT 10.0; Win64; x64) AppleWebKit/612.1 (KHTML, like Gecko) JavaFX/17 Safari/612.1"/>
  <con:entry key="Referer" value="https://cloud.bitbar.com/"/>
  <con:entry key="Accept-Encoding" value="gzip"/>
  <con:entry key="Accept-Language" value="en-us;q=0.8,en;q=0.7"/>
</xml-fragment>]]></con:setting>
        </con:settings>
        <con:endpoint>https://cloud.bitbar.com</con:endpoint>
        <con:request/>
        <con:originalUri>https://cloud.bitbar.com/envProperties.json</con:originalUri>
        <con:credentials>
          <con:selectedAuthProfile>No Authorization</con:selectedAuthProfile>
          <con:authType>No Authorization</con:authType>
        </con:credentials>
        <con:jmsConfig JMSDeliveryMode="PERSISTENT"/>
        <con:parameters/>
      </con:restRequest>
    </con:config>
  </con:testStep>
  <con:testStep id="554790db-4952-4f3d-961e-73e3d4ec4374" name="AppSettings.json - Request 1" type="restrequest">
    <con:settings/>
    <con:config xsi:type="con:RestRequestStep" methodName="AppSettings.json" resourcePath="/appSettings.json" service="https://cloud.bitbar.com" xmlns:xsi="http://www.w3.org/2001/XMLSchema-instance">
      <con:restRequest id="a0a5278a-043a-47e3-8641-637452e2966d" mediaType="application/json" name="AppSettings.json - Request 1">
        <con:settings>
          <con:setting id="com.eviware.soapui.impl.wsdl.WsdlRequest@request-headers"><![CDATA[<xml-fragment xmlns:con="http://eviware.com/soapui/config">
  <con:entry key="Accept-Charset" value="ISO-8859-1,utf-8;q=0.7,*;q=0.7"/>
  <con:entry key="Accept" value="*/*"/>
  <con:entry key="User-Agent" value="Mozilla/5.0 (Windows NT 10.0; Win64; x64) AppleWebKit/612.1 (KHTML, like Gecko) JavaFX/17 Safari/612.1"/>
  <con:entry key="Referer" value="https://cloud.bitbar.com/"/>
  <con:entry key="Accept-Encoding" value="gzip"/>
  <con:entry key="Accept-Language" value="en-us;q=0.8,en;q=0.7"/>
</xml-fragment>]]></con:setting>
        </con:settings>
        <con:endpoint>https://cloud.bitbar.com</con:endpoint>
        <con:request/>
        <con:originalUri>https://cloud.bitbar.com/appSettings.json</con:originalUri>
        <con:credentials>
          <con:selectedAuthProfile>No Authorization</con:selectedAuthProfile>
          <con:authType>No Authorization</con:authType>
        </con:credentials>
        <con:jmsConfig JMSDeliveryMode="PERSISTENT"/>
        <con:parameters/>
      </con:restRequest>
    </con:config>
  </con:testStep>
  <con:properties/>
  <con:reportParameters/>
</con:testCase>
