<?xml version="1.0" encoding="UTF-8"?>
<con:testCase id="8c2a7529-b04a-4ba7-86ae-b24f28c6760c" discardOkResults="false" failOnError="true" failTestCaseOnErrors="true" keepSession="false" name="Test Case 2" searchProperties="true" timeout="0" xmlns:con="http://eviware.com/soapui/config"><con:settings><con:setting id="8c2a7529-b04a-4ba7-86ae-b24f28c6760cfileName">Test-Case-2</con:setting></con:settings><con:properties/><con:reportParameters/></con:testCase>