<?xml version="1.0" encoding="UTF-8"?>
<con:testCase id="3d0a9be2-3c7d-43b0-bd13-a2a254da2692" discardOkResults="false" failOnError="false" failTestCaseOnErrors="true" keepSession="false" name="Test Case 1" searchProperties="true" timeout="0" xmlns:con="http://eviware.com/soapui/config">
  <con:settings>
    <con:setting id="3d0a9be2-3c7d-43b0-bd13-a2a254da2692fileName">Test-Case-1</con:setting>
  </con:settings>
  <con:properties/>
  <con:reportParameters/>
</con:testCase>
