<?xml version="1.0" encoding="UTF-8"?>
<con:testCase id="15c79cd6-d93f-4239-87a7-5dbb723c037d" discardOkResults="false" failOnError="true" failTestCaseOnErrors="true" keepSession="false" name="Test Case 1" searchProperties="true" timeout="0" xmlns:con="http://eviware.com/soapui/config"><con:settings><con:setting id="15c79cd6-d93f-4239-87a7-5dbb723c037dfileName">Test-Case-1</con:setting></con:settings><con:testStep type="httprequest" name="HTTP Request" id="4d8ec777-2e49-4e15-8be1-4a802196ff6b"><con:settings/><con:config method="GET" xsi:type="con:HttpRequest" id="77d91357-512f-4c04-bed2-86bbad8be48d" name="HTTP Request" xmlns:xsi="http://www.w3.org/2001/XMLSchema-instance"><con:settings/><con:endpoint>http://www.google.com</con:endpoint><con:request/><con:credentials><con:selectedAuthProfile>No Authorization</con:selectedAuthProfile><con:authType>No Authorization</con:authType></con:credentials><con:jmsConfig JMSDeliveryMode="PERSISTENT"/><con:parameters/></con:config></con:testStep><con:properties/><con:reportParameters/></con:testCase>