<?xml version="1.0" encoding="UTF-8"?>
<con:testCase id="15c79cd6-d93f-4239-87a7-5dbb723c037d" discardOkResults="false" failOnError="true" failTestCaseOnErrors="true" keepSession="false" name="Test Case 1" searchProperties="true" timeout="0" xmlns:con="http://eviware.com/soapui/config">
  <con:settings>
    <con:setting id="15c79cd6-d93f-4239-87a7-5dbb723c037dfileName">Test-Case-1</con:setting>
  </con:settings>
  <con:testStep type="httprequest" name="HTTP Request" id="4d8ec777-2e49-4e15-8be1-4a802196ff6b">
    <con:settings/>
    <con:config method="GET" xsi:type="con:HttpRequest" id="77d91357-512f-4c04-bed2-86bbad8be48d" name="HTTP Request" xmlns:xsi="http://www.w3.org/2001/XMLSchema-instance">
      <con:settings>
        <con:setting id="com.eviware.soapui.impl.wsdl.WsdlRequest@request-headers">&lt;xml-fragment/></con:setting>
      </con:settings>
      <con:endpoint>http://www.google.com</con:endpoint>
      <con:request/>
      <con:assertion type="DataAndMetadataAssertion" id="72bb35af-b7a9-4168-b5be-de6e564da854" name="Smart Assertion">
        <con:configuration xsi:type="con:DataAndMetadataAssertion">
          <con:mode>Received Data</con:mode>
          <con:elements>
            <con:path>//html[1]/@lang</con:path>
            <con:element>@lang</con:element>
            <con:operatorId>1</con:operatorId>
            <con:enabled>true</con:enabled>
            <con:expectedValue>en</con:expectedValue>
            <con:caseSensitive>true</con:caseSensitive>
            <con:numberType>false</con:numberType>
          </con:elements>
          <con:elements>
            <con:path>//html[1]/@itemtype</con:path>
            <con:element>@itemtype</con:element>
            <con:operatorId>1</con:operatorId>
            <con:enabled>true</con:enabled>
            <con:expectedValue>http://schema.org/WebPage</con:expectedValue>
            <con:caseSensitive>true</con:caseSensitive>
            <con:numberType>false</con:numberType>
          </con:elements>
          <con:elements>
            <con:path>//html[1]/@itemscope</con:path>
            <con:element>@itemscope</con:element>
            <con:operatorId>9</con:operatorId>
            <con:enabled>true</con:enabled>
            <con:expectedValue xsi:nil="true"/>
            <con:numberType>false</con:numberType>
          </con:elements>
          <con:elements>
            <con:path>//html[1]/head[1]/meta[1]</con:path>
            <con:element>meta</con:element>
            <con:operatorId>9</con:operatorId>
            <con:enabled>true</con:enabled>
            <con:expectedValue xsi:nil="true"/>
            <con:numberType>false</con:numberType>
          </con:elements>
          <con:elements>
            <con:path>//html[1]/head[1]/meta[1]/@content</con:path>
            <con:element>@content</con:element>
            <con:operatorId>1</con:operatorId>
            <con:enabled>true</con:enabled>
            <con:expectedValue>HTML Tidy for Java (vers. 26 Sep 2004), see www.w3.org</con:expectedValue>
            <con:caseSensitive>true</con:caseSensitive>
            <con:numberType>false</con:numberType>
          </con:elements>
          <con:elements>
            <con:path>//html[1]/head[1]/meta[1]/@name</con:path>
            <con:element>@name</con:element>
            <con:operatorId>1</con:operatorId>
            <con:enabled>true</con:enabled>
            <con:expectedValue>generator</con:expectedValue>
            <con:caseSensitive>true</con:caseSensitive>
            <con:numberType>false</con:numberType>
          </con:elements>
          <con:elements>
            <con:path>//html[1]/head[1]/meta[2]</con:path>
            <con:element>meta</con:element>
            <con:operatorId>9</con:operatorId>
            <con:enabled>true</con:enabled>
            <con:expectedValue xsi:nil="true"/>
            <con:numberType>false</con:numberType>
          </con:elements>
          <con:elements>
            <con:path>//html[1]/head[1]/meta[2]/@content</con:path>
            <con:element>@content</con:element>
            <con:operatorId>1</con:operatorId>
            <con:enabled>true</con:enabled>
            <con:expectedValue>Search the world's information, including webpages, images, videos and more. Google has many special features to help you find exactly what you're looking for.</con:expectedValue>
            <con:caseSensitive>true</con:caseSensitive>
            <con:numberType>false</con:numberType>
          </con:elements>
          <con:elements>
            <con:path>//html[1]/head[1]/meta[3]</con:path>
            <con:element>meta</con:element>
            <con:operatorId>9</con:operatorId>
            <con:enabled>true</con:enabled>
            <con:expectedValue xsi:nil="true"/>
            <con:numberType>false</con:numberType>
          </con:elements>
          <con:elements>
            <con:path>//html[1]/head[1]/meta[3]/@content</con:path>
            <con:element>@content</con:element>
            <con:operatorId>1</con:operatorId>
            <con:enabled>true</con:enabled>
            <con:expectedValue>noodp</con:expectedValue>
            <con:caseSensitive>true</con:caseSensitive>
            <con:numberType>false</con:numberType>
          </con:elements>
          <con:elements>
            <con:path>//html[1]/head[1]/title[1]</con:path>
            <con:element>title</con:element>
            <con:operatorId>1</con:operatorId>
            <con:enabled>true</con:enabled>
            <con:expectedValue>Google</con:expectedValue>
            <con:caseSensitive>true</con:caseSensitive>
            <con:numberType>false</con:numberType>
          </con:elements>
          <con:elements>
            <con:path>//html[1]/head[1]/script[1]</con:path>
            <con:element>script</con:element>
            <con:operatorId>9</con:operatorId>
            <con:enabled>true</con:enabled>
            <con:expectedValue><![CDATA[(function(){window.google={kEI:'_l1JY7WzB4-ikPIP1si70A0',kEXPI:'0,202547,1099989,56873,6059,206,4804,2316,383,246,5,5367,1123753,1197779,622,380089,16115,28684,22431,1361,12318,4747,12834,4998,13228,3847,10622,22741,6674,1279,2742,149,1103,840,1983,213,4101,3514,606,2023,1733,43,521,14670,3227,2847,5,33770,17175,432,3,346,1244,1,5444,151,11321,2652,4,1528,2304,7039,22023,5708,7355,13660,2980,1457,15351,1435,5827,2530,4097,14,4035,3,3541,1,42154,2,14022,2373,342,11401,11623,5679,1021,2380,28742,4568,6258,23418,1252,5835,14967,4333,2204,5280,445,2,2,1,26632,8155,7321,60,2,3,1475,14490,873,7829,1796,5211,4797,7,1922,5784,3995,12414,9365,9543,4832,5763,10201,1044,8,122,700,4,1,2,2,2,2,1439,6790,423,928,4336,1225,3910,1414,4411,3913,14,82,890,59,582,2359,751,201,1869,942,1,6612,51,2197,488,922,1941,450,364,466,683,899,2433,274,216,181,554,508,13,25,3,68,456,164,875,86,792,2993,3016,212,1118,857,893,1,700,1,160,417,260,984,743,337,100,969,338,1064,156,222,299,814,77,264,134,32,655,352,869,844,637,2,524,31,333,644,136,514,616,193,1310,746,48,2,48,827,187,2,339,8,428,3,19,30,553,150,755,493,61,122,275,405,522,821,265,12,769,363,1,5325292,5994176,651,1044,2803379,3311,141,795,19735,1,1,346,1754,59,14,4,6,2,3,3,95,23,4,2,7451656,16496859,470,17,2861540,1180116,1964,3094,13578,3406,11319,1374024',kBL:'stdm'};google.sn='webhp';google.kHL='en';})();(function(){
var f=this||self;var h,k=[];function l(a){for(var b;a&&(!a.getAttribute||!(b=a.getAttribute("eid")));)a=a.parentNode;return b||h}function m(a){for(var b=null;a&&(!a.getAttribute||!(b=a.getAttribute("leid")));)a=a.parentNode;return b}
function n(a,b,c,d,g){var e="";c||-1!==b.search("&ei=")||(e="&ei="+l(d),-1===b.search("&lei=")&&(d=m(d))&&(e+="&lei="+d));d="";!c&&f._cshid&&-1===b.search("&cshid=")&&"slh"!==a&&(d="&cshid="+f._cshid);c=c||"/"+(g||"gen_204")+"?atyp=i&ct="+a+"&cad="+b+e+"&zx="+Date.now()+d;/^http:/i.test(c)&&"https:"===window.location.protocol&&(google.ml&&google.ml(Error("a"),!1,{src:c,glmm:1}),c="");return c};h=google.kEI;google.getEI=l;google.getLEI=m;google.ml=function(){return null};google.log=function(a,b,c,d,g){if(c=n(a,b,c,d,g)){a=new Image;var e=k.length;k[e]=a;a.onerror=a.onload=a.onabort=function(){delete k[e]};a.src=c}};google.logUrl=n;}).call(this);(function(){
google.y={};google.sy=[];google.x=function(a,b){if(a)var c=a.id;else{do c=Math.random();while(google.y[c])}google.y[c]=[a,b];return!1};google.sx=function(a){google.sy.push(a)};google.lm=[];google.plm=function(a){google.lm.push.apply(google.lm,a)};google.lq=[];google.load=function(a,b,c){google.lq.push([[a],b,c])};google.loadAll=function(a,b){google.lq.push([a,b])};google.bx=!1;google.lx=function(){};}).call(this);google.f={};(function(){
document.documentElement.addEventListener("submit",function(b){var a;if(a=b.target){var c=a.getAttribute("data-submitfalse");a="1"===c||"q"===c&&!a.elements.q.value?!0:!1}else a=!1;a&&(b.preventDefault(),b.stopPropagation())},!0);document.documentElement.addEventListener("click",function(b){var a;a:{for(a=b.target;a&&a!==document.documentElement;a=a.parentElement)if("A"===a.tagName){a="1"===a.getAttribute("data-nohref");break a}a=!1}a&&b.preventDefault()},!0);}).call(this);]]></con:expectedValue>
            <con:caseSensitive>true</con:caseSensitive>
            <con:numberType>false</con:numberType>
          </con:elements>
          <con:elements>
            <con:path>//html[1]/head[1]/script[1]/@nonce</con:path>
            <con:element>@nonce</con:element>
            <con:operatorId>9</con:operatorId>
            <con:enabled>true</con:enabled>
            <con:expectedValue>EQXKpGl9Oy9ul6HXrM9PHQ</con:expectedValue>
            <con:caseSensitive>true</con:caseSensitive>
            <con:numberType>false</con:numberType>
          </con:elements>
          <con:elements>
            <con:path>//html[1]/head[1]/script[1]/@type</con:path>
            <con:element>@type</con:element>
            <con:operatorId>1</con:operatorId>
            <con:enabled>true</con:enabled>
            <con:expectedValue>text/javascript</con:expectedValue>
            <con:caseSensitive>true</con:caseSensitive>
            <con:numberType>false</con:numberType>
          </con:elements>
          <con:elements>
            <con:path>//html[1]/head[1]/style[1]</con:path>
            <con:element>style</con:element>
            <con:operatorId>1</con:operatorId>
            <con:enabled>true</con:enabled>
            <con:expectedValue>#gbar,#guser{font-size:13px;padding-top:1px !important;}#gbar{height:22px}#guser{padding-bottom:7px !important;text-align:right}.gbh,.gbd{border-top:1px solid #c9d7f1;font-size:1px}.gbh{height:0;position:absolute;top:24px;width:100%}@media all{.gb1{height:22px;margin-right:.5em;vertical-align:top}#gbar{float:left}}a.gb1,a.gb4{text-decoration:underline !important}a.gb1,a.gb4{color:#00c !important}.gbi .gb4{color:#dd8e27 !important}.gbf .gb4{color:#900 !important}</con:expectedValue>
            <con:caseSensitive>true</con:caseSensitive>
            <con:numberType>false</con:numberType>
          </con:elements>
          <con:elements>
            <con:path>//html[1]/head[1]/style[1]/@type</con:path>
            <con:element>@type</con:element>
            <con:operatorId>1</con:operatorId>
            <con:enabled>true</con:enabled>
            <con:expectedValue>text/css</con:expectedValue>
            <con:caseSensitive>true</con:caseSensitive>
            <con:numberType>false</con:numberType>
          </con:elements>
          <con:elements>
            <con:path>//html[1]/head[1]/style[2]</con:path>
            <con:element>style</con:element>
            <con:operatorId>1</con:operatorId>
            <con:enabled>true</con:enabled>
            <con:expectedValue>body,td,a,p,.h{font-family:arial,sans-serif}body{margin:0;overflow-y:scroll}#gog{padding:3px 8px 0}td{line-height:.8em}.gac_m td{line-height:17px}form{margin-bottom:20px}.h{color:#1558d6}em{font-weight:bold;font-style:normal}.lst{height:25px;width:496px}.gsfi,.lst{font:18px arial,sans-serif}.gsfs{font:17px arial,sans-serif}.ds{display:inline-box;display:inline-block;margin:3px 0 4px;margin-left:4px}input{font-family:inherit}body{background:#fff;color:#000}a{color:#4b11a8;text-decoration:none}a:hover,a:active{text-decoration:underline}.fl a{color:#1558d6}a:visited{color:#4b11a8}.sblc{padding-top:5px}.sblc a{display:block;margin:2px 0;margin-left:13px;font-size:11px}.lsbb{background:#f8f9fa;border:solid 1px;border-color:#dadce0 #70757a #70757a #dadce0;height:30px}.lsbb{display:block}#WqQANb a{display:inline-block;margin:0 12px}.lsb{background:url(/images/nav_logo229.png) 0 -261px repeat-x;border:none;color:#000;cursor:pointer;height:30px;margin:0;outline:0;font:15px arial,sans-serif;vertical-align:top}.lsb:active{background:#dadce0}.lst:focus{outline:none}</con:expectedValue>
            <con:caseSensitive>true</con:caseSensitive>
            <con:numberType>false</con:numberType>
          </con:elements>
          <con:elements>
            <con:path>//html[1]/head[1]/style[2]/@type</con:path>
            <con:element>@type</con:element>
            <con:operatorId>1</con:operatorId>
            <con:enabled>true</con:enabled>
            <con:expectedValue>text/css</con:expectedValue>
            <con:caseSensitive>true</con:caseSensitive>
            <con:numberType>false</con:numberType>
          </con:elements>
          <con:elements>
            <con:path>//html[1]/head[1]/script[2]</con:path>
            <con:element>script</con:element>
            <con:operatorId>1</con:operatorId>
            <con:enabled>true</con:enabled>
            <con:expectedValue><![CDATA[(function(){window.google.erd={jsr:1,bv:1669,de:true};
var h=this||self;var k,l=null!=(k=h.mei)?k:1,n,p=null!=(n=h.sdo)?n:!0,q=0,r,t=google.erd,v=t.jsr;google.ml=function(a,b,d,m,e){e=void 0===e?2:e;b&&(r=a&&a.message);if(google.dl)return google.dl(a,e,d),null;if(0>v){window.console&&console.error(a,d);if(-2===v)throw a;b=!1}else b=!a||!a.message||"Error loading script"===a.message||q>=l&&!m?!1:!0;if(!b)return null;q++;d=d||{};b=encodeURIComponent;var c="/gen_204?atyp=i&ei="+b(google.kEI);google.kEXPI&&(c+="&jexpid="+b(google.kEXPI));c+="&srcpg="+b(google.sn)+"&jsr="+b(t.jsr)+"&bver="+b(t.bv);var f=a.lineNumber;void 0!==f&&(c+="&line="+f);var g=
a.fileName;g&&(0<g.indexOf("-extension:/")&&(e=3),c+="&script="+b(g),f&&g===window.location.href&&(f=document.documentElement.outerHTML.split("\n")[f],c+="&cad="+b(f?f.substring(0,300):"No script found.")));c+="&jsel="+e;for(varuind)c+="&",c+=b(u),c+="=",c+=b(d[u]);c=c+"&emsg="+b(a.name+": "+a.message);c=c+"&jsst="+b(a.stack||"N/A");12288]]></con:expectedValue>
            <con:caseSensitive>true</con:caseSensitive>
            <con:numberType>false</con:numberType>
          </con:elements>
          <con:elements>
            <con:path>//html[1]/head[1]/script[2]/@nonce</con:path>
            <con:element>@nonce</con:element>
            <con:operatorId>9</con:operatorId>
            <con:enabled>true</con:enabled>
            <con:expectedValue>EQXKpGl9Oy9ul6HXrM9PHQ</con:expectedValue>
            <con:caseSensitive>true</con:caseSensitive>
            <con:numberType>false</con:numberType>
          </con:elements>
          <con:elements>
            <con:path>//html[1]/head[1]/script[2]/@type</con:path>
            <con:element>@type</con:element>
            <con:operatorId>1</con:operatorId>
            <con:enabled>true</con:enabled>
            <con:expectedValue>text/javascript</con:expectedValue>
            <con:caseSensitive>true</con:caseSensitive>
            <con:numberType>false</con:numberType>
          </con:elements>
          <con:elements>
            <con:path>//html[1]/body[1]/@bgcolor</con:path>
            <con:element>@bgcolor</con:element>
            <con:operatorId>1</con:operatorId>
            <con:enabled>true</con:enabled>
            <con:expectedValue>#fff</con:expectedValue>
            <con:caseSensitive>true</con:caseSensitive>
            <con:numberType>false</con:numberType>
          </con:elements>
          <con:elements>
            <con:path>//html[1]/body[1]</con:path>
            <con:element>#text</con:element>
            <con:operatorId>1</con:operatorId>
            <con:enabled>true</con:enabled>
            <con:expectedValue>=l&amp;&amp;(window.onerror=null)};})();</con:expectedValue>
            <con:caseSensitive>true</con:caseSensitive>
            <con:numberType>false</con:numberType>
          </con:elements>
          <con:elements>
            <con:path>//html[1]/body[1]/script[1]</con:path>
            <con:element>script</con:element>
            <con:operatorId>1</con:operatorId>
            <con:enabled>true</con:enabled>
            <con:expectedValue><![CDATA[(function(){var src='/images/nav_logo229.png';var iesg=false;document.body.onload = function(){window.n && window.n();if (document.images){new Image().src=src;}
if (!iesg){document.f&&document.f.q.focus();document.gbqf&&document.gbqf.q.focus();}
}
})();]]></con:expectedValue>
            <con:caseSensitive>true</con:caseSensitive>
            <con:numberType>false</con:numberType>
          </con:elements>
          <con:elements>
            <con:path>//html[1]/body[1]/script[1]/@nonce</con:path>
            <con:element>@nonce</con:element>
            <con:operatorId>9</con:operatorId>
            <con:enabled>true</con:enabled>
            <con:expectedValue>EQXKpGl9Oy9ul6HXrM9PHQ</con:expectedValue>
            <con:caseSensitive>true</con:caseSensitive>
            <con:numberType>false</con:numberType>
          </con:elements>
          <con:elements>
            <con:path>//html[1]/body[1]/script[1]/@type</con:path>
            <con:element>@type</con:element>
            <con:operatorId>1</con:operatorId>
            <con:enabled>true</con:enabled>
            <con:expectedValue>text/javascript</con:expectedValue>
            <con:caseSensitive>true</con:caseSensitive>
            <con:numberType>false</con:numberType>
          </con:elements>
          <con:elements>
            <con:path>//html[1]/body[1]/div[1]/@id</con:path>
            <con:element>@id</con:element>
            <con:operatorId>1</con:operatorId>
            <con:enabled>true</con:enabled>
            <con:expectedValue>mngb</con:expectedValue>
            <con:caseSensitive>true</con:caseSensitive>
            <con:numberType>false</con:numberType>
          </con:elements>
          <con:elements>
            <con:path>//html[1]/body[1]/div[1]/div[1]/@id</con:path>
            <con:element>@id</con:element>
            <con:operatorId>1</con:operatorId>
            <con:enabled>true</con:enabled>
            <con:expectedValue>gbar</con:expectedValue>
            <con:caseSensitive>true</con:caseSensitive>
            <con:numberType>false</con:numberType>
          </con:elements>
          <con:elements>
            <con:path>//html[1]/body[1]/div[1]/div[1]/nobr[1]/b[1]</con:path>
            <con:element>b</con:element>
            <con:operatorId>1</con:operatorId>
            <con:enabled>true</con:enabled>
            <con:expectedValue>Search</con:expectedValue>
            <con:caseSensitive>true</con:caseSensitive>
            <con:numberType>false</con:numberType>
          </con:elements>
          <con:elements>
            <con:path>//html[1]/body[1]/div[1]/div[1]/nobr[1]/b[1]/@class</con:path>
            <con:element>@class</con:element>
            <con:operatorId>1</con:operatorId>
            <con:enabled>true</con:enabled>
            <con:expectedValue>gb1</con:expectedValue>
            <con:caseSensitive>true</con:caseSensitive>
            <con:numberType>false</con:numberType>
          </con:elements>
          <con:elements>
            <con:path>//html[1]/body[1]/div[1]/div[1]/nobr[1]/a[1]</con:path>
            <con:element>a</con:element>
            <con:operatorId>1</con:operatorId>
            <con:enabled>true</con:enabled>
            <con:expectedValue>Images</con:expectedValue>
            <con:caseSensitive>true</con:caseSensitive>
            <con:numberType>false</con:numberType>
          </con:elements>
          <con:elements>
            <con:path>//html[1]/body[1]/div[1]/div[1]/nobr[1]/a[1]/@href</con:path>
            <con:element>@href</con:element>
            <con:operatorId>1</con:operatorId>
            <con:enabled>true</con:enabled>
            <con:expectedValue>http://www.google.com/imghp?hl=en&amp;tab=wi</con:expectedValue>
            <con:caseSensitive>true</con:caseSensitive>
            <con:numberType>false</con:numberType>
          </con:elements>
          <con:elements>
            <con:path>//html[1]/body[1]/div[1]/div[1]/nobr[1]/a[1]/@class</con:path>
            <con:element>@class</con:element>
            <con:operatorId>1</con:operatorId>
            <con:enabled>true</con:enabled>
            <con:expectedValue>gb1</con:expectedValue>
            <con:caseSensitive>true</con:caseSensitive>
            <con:numberType>false</con:numberType>
          </con:elements>
          <con:elements>
            <con:path>//html[1]/body[1]/div[1]/div[1]/nobr[1]/a[2]</con:path>
            <con:element>a</con:element>
            <con:operatorId>1</con:operatorId>
            <con:enabled>true</con:enabled>
            <con:expectedValue>Maps</con:expectedValue>
            <con:caseSensitive>true</con:caseSensitive>
            <con:numberType>false</con:numberType>
          </con:elements>
          <con:elements>
            <con:path>//html[1]/body[1]/div[1]/div[1]/nobr[1]/a[2]/@href</con:path>
            <con:element>@href</con:element>
            <con:operatorId>1</con:operatorId>
            <con:enabled>true</con:enabled>
            <con:expectedValue>http://maps.google.com/maps?hl=en&amp;tab=wl</con:expectedValue>
            <con:caseSensitive>true</con:caseSensitive>
            <con:numberType>false</con:numberType>
          </con:elements>
          <con:elements>
            <con:path>//html[1]/body[1]/div[1]/div[1]/nobr[1]/a[2]/@class</con:path>
            <con:element>@class</con:element>
            <con:operatorId>1</con:operatorId>
            <con:enabled>true</con:enabled>
            <con:expectedValue>gb1</con:expectedValue>
            <con:caseSensitive>true</con:caseSensitive>
            <con:numberType>false</con:numberType>
          </con:elements>
          <con:elements>
            <con:path>//html[1]/body[1]/div[1]/div[1]/nobr[1]/a[3]</con:path>
            <con:element>a</con:element>
            <con:operatorId>1</con:operatorId>
            <con:enabled>true</con:enabled>
            <con:expectedValue>Play</con:expectedValue>
            <con:caseSensitive>true</con:caseSensitive>
            <con:numberType>false</con:numberType>
          </con:elements>
          <con:elements>
            <con:path>//html[1]/body[1]/div[1]/div[1]/nobr[1]/a[3]/@href</con:path>
            <con:element>@href</con:element>
            <con:operatorId>1</con:operatorId>
            <con:enabled>true</con:enabled>
            <con:expectedValue>https://play.google.com/?hl=en&amp;tab=w8</con:expectedValue>
            <con:caseSensitive>true</con:caseSensitive>
            <con:numberType>false</con:numberType>
          </con:elements>
          <con:elements>
            <con:path>//html[1]/body[1]/div[1]/div[1]/nobr[1]/a[3]/@class</con:path>
            <con:element>@class</con:element>
            <con:operatorId>1</con:operatorId>
            <con:enabled>true</con:enabled>
            <con:expectedValue>gb1</con:expectedValue>
            <con:caseSensitive>true</con:caseSensitive>
            <con:numberType>false</con:numberType>
          </con:elements>
          <con:elements>
            <con:path>//html[1]/body[1]/div[1]/div[1]/nobr[1]/a[4]</con:path>
            <con:element>a</con:element>
            <con:operatorId>1</con:operatorId>
            <con:enabled>true</con:enabled>
            <con:expectedValue>YouTube</con:expectedValue>
            <con:caseSensitive>true</con:caseSensitive>
            <con:numberType>false</con:numberType>
          </con:elements>
          <con:elements>
            <con:path>//html[1]/body[1]/div[1]/div[1]/nobr[1]/a[4]/@href</con:path>
            <con:element>@href</con:element>
            <con:operatorId>1</con:operatorId>
            <con:enabled>true</con:enabled>
            <con:expectedValue>https://www.youtube.com/?tab=w1</con:expectedValue>
            <con:caseSensitive>true</con:caseSensitive>
            <con:numberType>false</con:numberType>
          </con:elements>
          <con:elements>
            <con:path>//html[1]/body[1]/div[1]/div[1]/nobr[1]/a[4]/@class</con:path>
            <con:element>@class</con:element>
            <con:operatorId>1</con:operatorId>
            <con:enabled>true</con:enabled>
            <con:expectedValue>gb1</con:expectedValue>
            <con:caseSensitive>true</con:caseSensitive>
            <con:numberType>false</con:numberType>
          </con:elements>
          <con:elements>
            <con:path>//html[1]/body[1]/div[1]/div[1]/nobr[1]/a[5]</con:path>
            <con:element>a</con:element>
            <con:operatorId>1</con:operatorId>
            <con:enabled>true</con:enabled>
            <con:expectedValue>News</con:expectedValue>
            <con:caseSensitive>true</con:caseSensitive>
            <con:numberType>false</con:numberType>
          </con:elements>
          <con:elements>
            <con:path>//html[1]/body[1]/div[1]/div[1]/nobr[1]/a[5]/@href</con:path>
            <con:element>@href</con:element>
            <con:operatorId>1</con:operatorId>
            <con:enabled>true</con:enabled>
            <con:expectedValue>https://news.google.com/?tab=wn</con:expectedValue>
            <con:caseSensitive>true</con:caseSensitive>
            <con:numberType>false</con:numberType>
          </con:elements>
          <con:elements>
            <con:path>//html[1]/body[1]/div[1]/div[1]/nobr[1]/a[5]/@class</con:path>
            <con:element>@class</con:element>
            <con:operatorId>1</con:operatorId>
            <con:enabled>true</con:enabled>
            <con:expectedValue>gb1</con:expectedValue>
            <con:caseSensitive>true</con:caseSensitive>
            <con:numberType>false</con:numberType>
          </con:elements>
          <con:elements>
            <con:path>//html[1]/body[1]/div[1]/div[1]/nobr[1]/a[6]</con:path>
            <con:element>a</con:element>
            <con:operatorId>1</con:operatorId>
            <con:enabled>true</con:enabled>
            <con:expectedValue>Gmail</con:expectedValue>
            <con:caseSensitive>true</con:caseSensitive>
            <con:numberType>false</con:numberType>
          </con:elements>
          <con:elements>
            <con:path>//html[1]/body[1]/div[1]/div[1]/nobr[1]/a[6]/@href</con:path>
            <con:element>@href</con:element>
            <con:operatorId>1</con:operatorId>
            <con:enabled>true</con:enabled>
            <con:expectedValue>https://mail.google.com/mail/?tab=wm</con:expectedValue>
            <con:caseSensitive>true</con:caseSensitive>
            <con:numberType>false</con:numberType>
          </con:elements>
          <con:elements>
            <con:path>//html[1]/body[1]/div[1]/div[1]/nobr[1]/a[6]/@class</con:path>
            <con:element>@class</con:element>
            <con:operatorId>1</con:operatorId>
            <con:enabled>true</con:enabled>
            <con:expectedValue>gb1</con:expectedValue>
            <con:caseSensitive>true</con:caseSensitive>
            <con:numberType>false</con:numberType>
          </con:elements>
          <con:elements>
            <con:path>//html[1]/body[1]/div[1]/div[1]/nobr[1]/a[7]</con:path>
            <con:element>a</con:element>
            <con:operatorId>1</con:operatorId>
            <con:enabled>true</con:enabled>
            <con:expectedValue>Drive</con:expectedValue>
            <con:caseSensitive>true</con:caseSensitive>
            <con:numberType>false</con:numberType>
          </con:elements>
          <con:elements>
            <con:path>//html[1]/body[1]/div[1]/div[1]/nobr[1]/a[7]/@href</con:path>
            <con:element>@href</con:element>
            <con:operatorId>1</con:operatorId>
            <con:enabled>true</con:enabled>
            <con:expectedValue>https://drive.google.com/?tab=wo</con:expectedValue>
            <con:caseSensitive>true</con:caseSensitive>
            <con:numberType>false</con:numberType>
          </con:elements>
          <con:elements>
            <con:path>//html[1]/body[1]/div[1]/div[1]/nobr[1]/a[7]/@class</con:path>
            <con:element>@class</con:element>
            <con:operatorId>1</con:operatorId>
            <con:enabled>true</con:enabled>
            <con:expectedValue>gb1</con:expectedValue>
            <con:caseSensitive>true</con:caseSensitive>
            <con:numberType>false</con:numberType>
          </con:elements>
          <con:elements>
            <con:path>//html[1]/body[1]/div[1]/div[1]/nobr[1]/a[8]/@href</con:path>
            <con:element>@href</con:element>
            <con:operatorId>1</con:operatorId>
            <con:enabled>true</con:enabled>
            <con:expectedValue>https://www.google.com/intl/en/about/products?tab=wh</con:expectedValue>
            <con:caseSensitive>true</con:caseSensitive>
            <con:numberType>false</con:numberType>
          </con:elements>
          <con:elements>
            <con:path>//html[1]/body[1]/div[1]/div[1]/nobr[1]/a[8]/@style</con:path>
            <con:element>@style</con:element>
            <con:operatorId>1</con:operatorId>
            <con:enabled>true</con:enabled>
            <con:expectedValue>text-decoration:none</con:expectedValue>
            <con:caseSensitive>true</con:caseSensitive>
            <con:numberType>false</con:numberType>
          </con:elements>
          <con:elements>
            <con:path>//html[1]/body[1]/div[1]/div[1]/nobr[1]/a[8]/@class</con:path>
            <con:element>@class</con:element>
            <con:operatorId>1</con:operatorId>
            <con:enabled>true</con:enabled>
            <con:expectedValue>gb1</con:expectedValue>
            <con:caseSensitive>true</con:caseSensitive>
            <con:numberType>false</con:numberType>
          </con:elements>
          <con:elements>
            <con:path>//html[1]/body[1]/div[1]/div[1]/nobr[1]/a[8]/u[1]</con:path>
            <con:element>u</con:element>
            <con:operatorId>1</con:operatorId>
            <con:enabled>true</con:enabled>
            <con:expectedValue>More</con:expectedValue>
            <con:caseSensitive>true</con:caseSensitive>
            <con:numberType>false</con:numberType>
          </con:elements>
          <con:elements>
            <con:path>//html[1]/body[1]/div[1]/div[1]/nobr[1]/a[8]</con:path>
            <con:element>#text</con:element>
            <con:operatorId>9</con:operatorId>
            <con:enabled>true</con:enabled>
            <con:expectedValue xsi:nil="true"/>
            <con:numberType>false</con:numberType>
          </con:elements>
          <con:elements>
            <con:path>//html[1]/body[1]/div[1]/div[2]/@width</con:path>
            <con:element>@width</con:element>
            <con:operatorId>1</con:operatorId>
            <con:enabled>true</con:enabled>
            <con:expectedValue>100%</con:expectedValue>
            <con:caseSensitive>true</con:caseSensitive>
            <con:numberType>false</con:numberType>
          </con:elements>
          <con:elements>
            <con:path>//html[1]/body[1]/div[1]/div[2]/@id</con:path>
            <con:element>@id</con:element>
            <con:operatorId>1</con:operatorId>
            <con:enabled>true</con:enabled>
            <con:expectedValue>guser</con:expectedValue>
            <con:caseSensitive>true</con:caseSensitive>
            <con:numberType>false</con:numberType>
          </con:elements>
          <con:elements>
            <con:path>//html[1]/body[1]/div[1]/div[2]/nobr[1]/span[1]</con:path>
            <con:element>span</con:element>
            <con:operatorId>9</con:operatorId>
            <con:enabled>true</con:enabled>
            <con:expectedValue xsi:nil="true"/>
            <con:numberType>false</con:numberType>
          </con:elements>
          <con:elements>
            <con:path>//html[1]/body[1]/div[1]/div[2]/nobr[1]/span[1]/@class</con:path>
            <con:element>@class</con:element>
            <con:operatorId>1</con:operatorId>
            <con:enabled>true</con:enabled>
            <con:expectedValue>gbi</con:expectedValue>
            <con:caseSensitive>true</con:caseSensitive>
            <con:numberType>false</con:numberType>
          </con:elements>
          <con:elements>
            <con:path>//html[1]/body[1]/div[1]/div[2]/nobr[1]/span[1]/@id</con:path>
            <con:element>@id</con:element>
            <con:operatorId>1</con:operatorId>
            <con:enabled>true</con:enabled>
            <con:expectedValue>gbn</con:expectedValue>
            <con:caseSensitive>true</con:caseSensitive>
            <con:numberType>false</con:numberType>
          </con:elements>
          <con:elements>
            <con:path>//html[1]/body[1]/div[1]/div[2]/nobr[1]/span[2]</con:path>
            <con:element>span</con:element>
            <con:operatorId>9</con:operatorId>
            <con:enabled>true</con:enabled>
            <con:expectedValue xsi:nil="true"/>
            <con:numberType>false</con:numberType>
          </con:elements>
          <con:elements>
            <con:path>//html[1]/body[1]/div[1]/div[2]/nobr[1]/span[2]/@class</con:path>
            <con:element>@class</con:element>
            <con:operatorId>1</con:operatorId>
            <con:enabled>true</con:enabled>
            <con:expectedValue>gbf</con:expectedValue>
            <con:caseSensitive>true</con:caseSensitive>
            <con:numberType>false</con:numberType>
          </con:elements>
          <con:elements>
            <con:path>//html[1]/body[1]/div[1]/div[2]/nobr[1]/span[2]/@id</con:path>
            <con:element>@id</con:element>
            <con:operatorId>1</con:operatorId>
            <con:enabled>true</con:enabled>
            <con:expectedValue>gbf</con:expectedValue>
            <con:caseSensitive>true</con:caseSensitive>
            <con:numberType>false</con:numberType>
          </con:elements>
          <con:elements>
            <con:path>//html[1]/body[1]/div[1]/div[2]/nobr[1]/span[3]</con:path>
            <con:element>span</con:element>
            <con:operatorId>9</con:operatorId>
            <con:enabled>true</con:enabled>
            <con:expectedValue xsi:nil="true"/>
            <con:numberType>false</con:numberType>
          </con:elements>
          <con:elements>
            <con:path>//html[1]/body[1]/div[1]/div[2]/nobr[1]/span[3]/@id</con:path>
            <con:element>@id</con:element>
            <con:operatorId>1</con:operatorId>
            <con:enabled>true</con:enabled>
            <con:expectedValue>gbe</con:expectedValue>
            <con:caseSensitive>true</con:caseSensitive>
            <con:numberType>false</con:numberType>
          </con:elements>
          <con:elements>
            <con:path>//html[1]/body[1]/div[1]/div[2]/nobr[1]/a[1]</con:path>
            <con:element>a</con:element>
            <con:operatorId>1</con:operatorId>
            <con:enabled>true</con:enabled>
            <con:expectedValue>Web History</con:expectedValue>
            <con:caseSensitive>true</con:caseSensitive>
            <con:numberType>false</con:numberType>
          </con:elements>
          <con:elements>
            <con:path>//html[1]/body[1]/div[1]/div[2]/nobr[1]/a[1]/@class</con:path>
            <con:element>@class</con:element>
            <con:operatorId>1</con:operatorId>
            <con:enabled>true</con:enabled>
            <con:expectedValue>gb4</con:expectedValue>
            <con:caseSensitive>true</con:caseSensitive>
            <con:numberType>false</con:numberType>
          </con:elements>
          <con:elements>
            <con:path>//html[1]/body[1]/div[1]/div[2]/nobr[1]/a[1]/@href</con:path>
            <con:element>@href</con:element>
            <con:operatorId>1</con:operatorId>
            <con:enabled>true</con:enabled>
            <con:expectedValue>http://www.google.com/history/optout?hl=en</con:expectedValue>
            <con:caseSensitive>true</con:caseSensitive>
            <con:numberType>false</con:numberType>
          </con:elements>
          <con:elements>
            <con:path>//html[1]/body[1]/div[1]/div[2]/nobr[1]</con:path>
            <con:element>#text</con:element>
            <con:operatorId>9</con:operatorId>
            <con:enabled>true</con:enabled>
            <con:expectedValue xsi:nil="true"/>
            <con:numberType>false</con:numberType>
          </con:elements>
          <con:elements>
            <con:path>//html[1]/body[1]/div[1]/div[2]/nobr[1]/a[2]</con:path>
            <con:element>a</con:element>
            <con:operatorId>1</con:operatorId>
            <con:enabled>true</con:enabled>
            <con:expectedValue>Settings</con:expectedValue>
            <con:caseSensitive>true</con:caseSensitive>
            <con:numberType>false</con:numberType>
          </con:elements>
          <con:elements>
            <con:path>//html[1]/body[1]/div[1]/div[2]/nobr[1]/a[2]/@class</con:path>
            <con:element>@class</con:element>
            <con:operatorId>1</con:operatorId>
            <con:enabled>true</con:enabled>
            <con:expectedValue>gb4</con:expectedValue>
            <con:caseSensitive>true</con:caseSensitive>
            <con:numberType>false</con:numberType>
          </con:elements>
          <con:elements>
            <con:path>//html[1]/body[1]/div[1]/div[2]/nobr[1]/a[2]/@href</con:path>
            <con:element>@href</con:element>
            <con:operatorId>1</con:operatorId>
            <con:enabled>true</con:enabled>
            <con:expectedValue>/preferences?hl=en</con:expectedValue>
            <con:caseSensitive>true</con:caseSensitive>
            <con:numberType>false</con:numberType>
          </con:elements>
          <con:elements>
            <con:path>//html[1]/body[1]/div[1]/div[2]/nobr[1]/a[3]</con:path>
            <con:element>a</con:element>
            <con:operatorId>1</con:operatorId>
            <con:enabled>true</con:enabled>
            <con:expectedValue>Sign in</con:expectedValue>
            <con:caseSensitive>true</con:caseSensitive>
            <con:numberType>false</con:numberType>
          </con:elements>
          <con:elements>
            <con:path>//html[1]/body[1]/div[1]/div[2]/nobr[1]/a[3]/@class</con:path>
            <con:element>@class</con:element>
            <con:operatorId>1</con:operatorId>
            <con:enabled>true</con:enabled>
            <con:expectedValue>gb4</con:expectedValue>
            <con:caseSensitive>true</con:caseSensitive>
            <con:numberType>false</con:numberType>
          </con:elements>
          <con:elements>
            <con:path>//html[1]/body[1]/div[1]/div[2]/nobr[1]/a[3]/@href</con:path>
            <con:element>@href</con:element>
            <con:operatorId>1</con:operatorId>
            <con:enabled>true</con:enabled>
            <con:expectedValue>https://accounts.google.com/ServiceLogin?hl=en&amp;passive=true&amp;continue=http://www.google.com/&amp;ec=GAZAAQ</con:expectedValue>
            <con:caseSensitive>true</con:caseSensitive>
            <con:numberType>false</con:numberType>
          </con:elements>
          <con:elements>
            <con:path>//html[1]/body[1]/div[1]/div[2]/nobr[1]/a[3]/@id</con:path>
            <con:element>@id</con:element>
            <con:operatorId>1</con:operatorId>
            <con:enabled>true</con:enabled>
            <con:expectedValue>gb_70</con:expectedValue>
            <con:caseSensitive>true</con:caseSensitive>
            <con:numberType>false</con:numberType>
          </con:elements>
          <con:elements>
            <con:path>//html[1]/body[1]/div[1]/div[2]/nobr[1]/a[3]/@target</con:path>
            <con:element>@target</con:element>
            <con:operatorId>1</con:operatorId>
            <con:enabled>true</con:enabled>
            <con:expectedValue>_top</con:expectedValue>
            <con:caseSensitive>true</con:caseSensitive>
            <con:numberType>false</con:numberType>
          </con:elements>
          <con:elements>
            <con:path>//html[1]/body[1]/center[1]/br[1]</con:path>
            <con:element>br</con:element>
            <con:operatorId>9</con:operatorId>
            <con:enabled>true</con:enabled>
            <con:expectedValue xsi:nil="true"/>
            <con:numberType>false</con:numberType>
          </con:elements>
          <con:elements>
            <con:path>//html[1]/body[1]/center[1]/br[1]/@id</con:path>
            <con:element>@id</con:element>
            <con:operatorId>1</con:operatorId>
            <con:enabled>true</con:enabled>
            <con:expectedValue>lgpd</con:expectedValue>
            <con:caseSensitive>true</con:caseSensitive>
            <con:numberType>false</con:numberType>
          </con:elements>
          <con:elements>
            <con:path>//html[1]/body[1]/center[1]/br[1]/@clear</con:path>
            <con:element>@clear</con:element>
            <con:operatorId>1</con:operatorId>
            <con:enabled>true</con:enabled>
            <con:expectedValue>all</con:expectedValue>
            <con:caseSensitive>true</con:caseSensitive>
            <con:numberType>false</con:numberType>
          </con:elements>
          <con:elements>
            <con:path>//html[1]/body[1]/center[1]/div[1]/@id</con:path>
            <con:element>@id</con:element>
            <con:operatorId>1</con:operatorId>
            <con:enabled>true</con:enabled>
            <con:expectedValue>lga</con:expectedValue>
            <con:caseSensitive>true</con:caseSensitive>
            <con:numberType>false</con:numberType>
          </con:elements>
          <con:elements>
            <con:path>//html[1]/body[1]/center[1]/div[1]/img[1]</con:path>
            <con:element>img</con:element>
            <con:operatorId>9</con:operatorId>
            <con:enabled>true</con:enabled>
            <con:expectedValue xsi:nil="true"/>
            <con:numberType>false</con:numberType>
          </con:elements>
          <con:elements>
            <con:path>//html[1]/body[1]/center[1]/div[1]/img[1]/@id</con:path>
            <con:element>@id</con:element>
            <con:operatorId>1</con:operatorId>
            <con:enabled>true</con:enabled>
            <con:expectedValue>hplogo</con:expectedValue>
            <con:caseSensitive>true</con:caseSensitive>
            <con:numberType>false</con:numberType>
          </con:elements>
          <con:elements>
            <con:path>//html[1]/body[1]/center[1]/div[1]/img[1]/@width</con:path>
            <con:element>@width</con:element>
            <con:operatorId>1</con:operatorId>
            <con:enabled>true</con:enabled>
            <con:expectedValue>272</con:expectedValue>
            <con:caseSensitive>true</con:caseSensitive>
            <con:numberType>false</con:numberType>
          </con:elements>
          <con:elements>
            <con:path>//html[1]/body[1]/center[1]/div[1]/img[1]/@style</con:path>
            <con:element>@style</con:element>
            <con:operatorId>1</con:operatorId>
            <con:enabled>true</con:enabled>
            <con:expectedValue>padding:28px 0 14px</con:expectedValue>
            <con:caseSensitive>true</con:caseSensitive>
            <con:numberType>false</con:numberType>
          </con:elements>
          <con:elements>
            <con:path>//html[1]/body[1]/center[1]/div[1]/img[1]/@src</con:path>
            <con:element>@src</con:element>
            <con:operatorId>1</con:operatorId>
            <con:enabled>true</con:enabled>
            <con:expectedValue>/images/branding/googlelogo/1x/googlelogo_white_background_color_272x92dp.png</con:expectedValue>
            <con:caseSensitive>true</con:caseSensitive>
            <con:numberType>false</con:numberType>
          </con:elements>
          <con:elements>
            <con:path>//html[1]/body[1]/center[1]/div[1]/img[1]/@height</con:path>
            <con:element>@height</con:element>
            <con:operatorId>1</con:operatorId>
            <con:enabled>true</con:enabled>
            <con:expectedValue>92</con:expectedValue>
            <con:caseSensitive>true</con:caseSensitive>
            <con:numberType>false</con:numberType>
          </con:elements>
          <con:elements>
            <con:path>//html[1]/body[1]/center[1]/div[1]/img[1]/@alt</con:path>
            <con:element>@alt</con:element>
            <con:operatorId>1</con:operatorId>
            <con:enabled>true</con:enabled>
            <con:expectedValue>Google</con:expectedValue>
            <con:caseSensitive>true</con:caseSensitive>
            <con:numberType>false</con:numberType>
          </con:elements>
          <con:elements>
            <con:path>//html[1]/body[1]/center[1]/div[1]/br[1]</con:path>
            <con:element>br</con:element>
            <con:operatorId>9</con:operatorId>
            <con:enabled>true</con:enabled>
            <con:expectedValue xsi:nil="true"/>
            <con:numberType>false</con:numberType>
          </con:elements>
          <con:elements>
            <con:path>//html[1]/body[1]/center[1]/div[1]/br[2]</con:path>
            <con:element>br</con:element>
            <con:operatorId>9</con:operatorId>
            <con:enabled>true</con:enabled>
            <con:expectedValue xsi:nil="true"/>
            <con:numberType>false</con:numberType>
          </con:elements>
          <con:elements>
            <con:path>//html[1]/body[1]/center[1]/form[1]/@name</con:path>
            <con:element>@name</con:element>
            <con:operatorId>1</con:operatorId>
            <con:enabled>true</con:enabled>
            <con:expectedValue>f</con:expectedValue>
            <con:caseSensitive>true</con:caseSensitive>
            <con:numberType>false</con:numberType>
          </con:elements>
          <con:elements>
            <con:path>//html[1]/body[1]/center[1]/form[1]/@action</con:path>
            <con:element>@action</con:element>
            <con:operatorId>1</con:operatorId>
            <con:enabled>true</con:enabled>
            <con:expectedValue>/search</con:expectedValue>
            <con:caseSensitive>true</con:caseSensitive>
            <con:numberType>false</con:numberType>
          </con:elements>
          <con:elements>
            <con:path>//html[1]/body[1]/center[1]/form[1]/table[1]/@cellspacing</con:path>
            <con:element>@cellspacing</con:element>
            <con:operatorId>1</con:operatorId>
            <con:enabled>true</con:enabled>
            <con:expectedValue>0</con:expectedValue>
            <con:caseSensitive>true</con:caseSensitive>
            <con:numberType>false</con:numberType>
          </con:elements>
          <con:elements>
            <con:path>//html[1]/body[1]/center[1]/form[1]/table[1]/@cellpadding</con:path>
            <con:element>@cellpadding</con:element>
            <con:operatorId>1</con:operatorId>
            <con:enabled>true</con:enabled>
            <con:expectedValue>0</con:expectedValue>
            <con:caseSensitive>true</con:caseSensitive>
            <con:numberType>false</con:numberType>
          </con:elements>
          <con:elements>
            <con:path>//html[1]/body[1]/center[1]/form[1]/table[1]/tr[1]/@valign</con:path>
            <con:element>@valign</con:element>
            <con:operatorId>1</con:operatorId>
            <con:enabled>true</con:enabled>
            <con:expectedValue>top</con:expectedValue>
            <con:caseSensitive>true</con:caseSensitive>
            <con:numberType>false</con:numberType>
          </con:elements>
          <con:elements>
            <con:path>//html[1]/body[1]/center[1]/form[1]/table[1]/tr[1]/td[1]</con:path>
            <con:element>td</con:element>
            <con:operatorId>1</con:operatorId>
            <con:enabled>true</con:enabled>
            <con:expectedValue> </con:expectedValue>
            <con:caseSensitive>true</con:caseSensitive>
            <con:numberType>false</con:numberType>
          </con:elements>
          <con:elements>
            <con:path>//html[1]/body[1]/center[1]/form[1]/table[1]/tr[1]/td[1]/@width</con:path>
            <con:element>@width</con:element>
            <con:operatorId>1</con:operatorId>
            <con:enabled>true</con:enabled>
            <con:expectedValue>25%</con:expectedValue>
            <con:caseSensitive>true</con:caseSensitive>
            <con:numberType>false</con:numberType>
          </con:elements>
          <con:elements>
            <con:path>//html[1]/body[1]/center[1]/form[1]/table[1]/tr[1]/td[2]/@nowrap</con:path>
            <con:element>@nowrap</con:element>
            <con:operatorId>9</con:operatorId>
            <con:enabled>true</con:enabled>
            <con:expectedValue xsi:nil="true"/>
            <con:numberType>false</con:numberType>
          </con:elements>
          <con:elements>
            <con:path>//html[1]/body[1]/center[1]/form[1]/table[1]/tr[1]/td[2]/@align</con:path>
            <con:element>@align</con:element>
            <con:operatorId>1</con:operatorId>
            <con:enabled>true</con:enabled>
            <con:expectedValue>center</con:expectedValue>
            <con:caseSensitive>true</con:caseSensitive>
            <con:numberType>false</con:numberType>
          </con:elements>
          <con:elements>
            <con:path>//html[1]/body[1]/center[1]/form[1]/table[1]/tr[1]/td[2]/input[1]</con:path>
            <con:element>input</con:element>
            <con:operatorId>9</con:operatorId>
            <con:enabled>true</con:enabled>
            <con:expectedValue xsi:nil="true"/>
            <con:numberType>false</con:numberType>
          </con:elements>
          <con:elements>
            <con:path>//html[1]/body[1]/center[1]/form[1]/table[1]/tr[1]/td[2]/input[1]/@type</con:path>
            <con:element>@type</con:element>
            <con:operatorId>1</con:operatorId>
            <con:enabled>true</con:enabled>
            <con:expectedValue>hidden</con:expectedValue>
            <con:caseSensitive>true</con:caseSensitive>
            <con:numberType>false</con:numberType>
          </con:elements>
          <con:elements>
            <con:path>//html[1]/body[1]/center[1]/form[1]/table[1]/tr[1]/td[2]/input[1]/@value</con:path>
            <con:element>@value</con:element>
            <con:operatorId>1</con:operatorId>
            <con:enabled>true</con:enabled>
            <con:expectedValue>ISO-8859-1</con:expectedValue>
            <con:caseSensitive>true</con:caseSensitive>
            <con:numberType>false</con:numberType>
          </con:elements>
          <con:elements>
            <con:path>//html[1]/body[1]/center[1]/form[1]/table[1]/tr[1]/td[2]/input[1]/@name</con:path>
            <con:element>@name</con:element>
            <con:operatorId>1</con:operatorId>
            <con:enabled>true</con:enabled>
            <con:expectedValue>ie</con:expectedValue>
            <con:caseSensitive>true</con:caseSensitive>
            <con:numberType>false</con:numberType>
          </con:elements>
          <con:elements>
            <con:path>//html[1]/body[1]/center[1]/form[1]/table[1]/tr[1]/td[2]/input[2]</con:path>
            <con:element>input</con:element>
            <con:operatorId>9</con:operatorId>
            <con:enabled>true</con:enabled>
            <con:expectedValue xsi:nil="true"/>
            <con:numberType>false</con:numberType>
          </con:elements>
          <con:elements>
            <con:path>//html[1]/body[1]/center[1]/form[1]/table[1]/tr[1]/td[2]/input[2]/@type</con:path>
            <con:element>@type</con:element>
            <con:operatorId>1</con:operatorId>
            <con:enabled>true</con:enabled>
            <con:expectedValue>hidden</con:expectedValue>
            <con:caseSensitive>true</con:caseSensitive>
            <con:numberType>false</con:numberType>
          </con:elements>
          <con:elements>
            <con:path>//html[1]/body[1]/center[1]/form[1]/table[1]/tr[1]/td[2]/input[2]/@name</con:path>
            <con:element>@name</con:element>
            <con:operatorId>1</con:operatorId>
            <con:enabled>true</con:enabled>
            <con:expectedValue>hl</con:expectedValue>
            <con:caseSensitive>true</con:caseSensitive>
            <con:numberType>false</con:numberType>
          </con:elements>
          <con:elements>
            <con:path>//html[1]/body[1]/center[1]/form[1]/table[1]/tr[1]/td[2]/input[2]/@value</con:path>
            <con:element>@value</con:element>
            <con:operatorId>1</con:operatorId>
            <con:enabled>true</con:enabled>
            <con:expectedValue>en</con:expectedValue>
            <con:caseSensitive>true</con:caseSensitive>
            <con:numberType>false</con:numberType>
          </con:elements>
          <con:elements>
            <con:path>//html[1]/body[1]/center[1]/form[1]/table[1]/tr[1]/td[2]/input[3]</con:path>
            <con:element>input</con:element>
            <con:operatorId>9</con:operatorId>
            <con:enabled>true</con:enabled>
            <con:expectedValue xsi:nil="true"/>
            <con:numberType>false</con:numberType>
          </con:elements>
          <con:elements>
            <con:path>//html[1]/body[1]/center[1]/form[1]/table[1]/tr[1]/td[2]/input[3]/@value</con:path>
            <con:element>@value</con:element>
            <con:operatorId>1</con:operatorId>
            <con:enabled>true</con:enabled>
            <con:expectedValue>hp</con:expectedValue>
            <con:caseSensitive>true</con:caseSensitive>
            <con:numberType>false</con:numberType>
          </con:elements>
          <con:elements>
            <con:path>//html[1]/body[1]/center[1]/form[1]/table[1]/tr[1]/td[2]/input[3]/@type</con:path>
            <con:element>@type</con:element>
            <con:operatorId>1</con:operatorId>
            <con:enabled>true</con:enabled>
            <con:expectedValue>hidden</con:expectedValue>
            <con:caseSensitive>true</con:caseSensitive>
            <con:numberType>false</con:numberType>
          </con:elements>
          <con:elements>
            <con:path>//html[1]/body[1]/center[1]/form[1]/table[1]/tr[1]/td[2]/input[3]/@name</con:path>
            <con:element>@name</con:element>
            <con:operatorId>1</con:operatorId>
            <con:enabled>true</con:enabled>
            <con:expectedValue>source</con:expectedValue>
            <con:caseSensitive>true</con:caseSensitive>
            <con:numberType>false</con:numberType>
          </con:elements>
          <con:elements>
            <con:path>//html[1]/body[1]/center[1]/form[1]/table[1]/tr[1]/td[2]/input[4]</con:path>
            <con:element>input</con:element>
            <con:operatorId>9</con:operatorId>
            <con:enabled>true</con:enabled>
            <con:expectedValue xsi:nil="true"/>
            <con:numberType>false</con:numberType>
          </con:elements>
          <con:elements>
            <con:path>//html[1]/body[1]/center[1]/form[1]/table[1]/tr[1]/td[2]/input[4]/@type</con:path>
            <con:element>@type</con:element>
            <con:operatorId>1</con:operatorId>
            <con:enabled>true</con:enabled>
            <con:expectedValue>hidden</con:expectedValue>
            <con:caseSensitive>true</con:caseSensitive>
            <con:numberType>false</con:numberType>
          </con:elements>
          <con:elements>
            <con:path>//html[1]/body[1]/center[1]/form[1]/table[1]/tr[1]/td[2]/input[4]/@name</con:path>
            <con:element>@name</con:element>
            <con:operatorId>1</con:operatorId>
            <con:enabled>true</con:enabled>
            <con:expectedValue>biw</con:expectedValue>
            <con:caseSensitive>true</con:caseSensitive>
            <con:numberType>false</con:numberType>
          </con:elements>
          <con:elements>
            <con:path>//html[1]/body[1]/center[1]/form[1]/table[1]/tr[1]/td[2]/input[5]</con:path>
            <con:element>input</con:element>
            <con:operatorId>9</con:operatorId>
            <con:enabled>true</con:enabled>
            <con:expectedValue xsi:nil="true"/>
            <con:numberType>false</con:numberType>
          </con:elements>
          <con:elements>
            <con:path>//html[1]/body[1]/center[1]/form[1]/table[1]/tr[1]/td[2]/input[5]/@type</con:path>
            <con:element>@type</con:element>
            <con:operatorId>1</con:operatorId>
            <con:enabled>true</con:enabled>
            <con:expectedValue>hidden</con:expectedValue>
            <con:caseSensitive>true</con:caseSensitive>
            <con:numberType>false</con:numberType>
          </con:elements>
          <con:elements>
            <con:path>//html[1]/body[1]/center[1]/form[1]/table[1]/tr[1]/td[2]/input[5]/@name</con:path>
            <con:element>@name</con:element>
            <con:operatorId>1</con:operatorId>
            <con:enabled>true</con:enabled>
            <con:expectedValue>bih</con:expectedValue>
            <con:caseSensitive>true</con:caseSensitive>
            <con:numberType>false</con:numberType>
          </con:elements>
          <con:elements>
            <con:path>//html[1]/body[1]/center[1]/form[1]/table[1]/tr[1]/td[2]/div[1]/@style</con:path>
            <con:element>@style</con:element>
            <con:operatorId>1</con:operatorId>
            <con:enabled>true</con:enabled>
            <con:expectedValue>height:32px;margin:4px 0</con:expectedValue>
            <con:caseSensitive>true</con:caseSensitive>
            <con:numberType>false</con:numberType>
          </con:elements>
          <con:elements>
            <con:path>//html[1]/body[1]/center[1]/form[1]/table[1]/tr[1]/td[2]/div[1]/@class</con:path>
            <con:element>@class</con:element>
            <con:operatorId>1</con:operatorId>
            <con:enabled>true</con:enabled>
            <con:expectedValue>ds</con:expectedValue>
            <con:caseSensitive>true</con:caseSensitive>
            <con:numberType>false</con:numberType>
          </con:elements>
          <con:elements>
            <con:path>//html[1]/body[1]/center[1]/form[1]/table[1]/tr[1]/td[2]/br[1]</con:path>
            <con:element>br</con:element>
            <con:operatorId>9</con:operatorId>
            <con:enabled>true</con:enabled>
            <con:expectedValue xsi:nil="true"/>
            <con:numberType>false</con:numberType>
          </con:elements>
          <con:elements>
            <con:path>//html[1]/body[1]/center[1]/form[1]/table[1]/tr[1]/td[2]/br[1]/@style</con:path>
            <con:element>@style</con:element>
            <con:operatorId>1</con:operatorId>
            <con:enabled>true</con:enabled>
            <con:expectedValue>line-height:0</con:expectedValue>
            <con:caseSensitive>true</con:caseSensitive>
            <con:numberType>false</con:numberType>
          </con:elements>
          <con:elements>
            <con:path>//html[1]/body[1]/center[1]/form[1]/table[1]/tr[1]/td[2]/span[1]/@class</con:path>
            <con:element>@class</con:element>
            <con:operatorId>1</con:operatorId>
            <con:enabled>true</con:enabled>
            <con:expectedValue>ds</con:expectedValue>
            <con:caseSensitive>true</con:caseSensitive>
            <con:numberType>false</con:numberType>
          </con:elements>
          <con:elements>
            <con:path>//html[1]/body[1]/center[1]/form[1]/table[1]/tr[1]/td[2]/span[1]/span[1]/@class</con:path>
            <con:element>@class</con:element>
            <con:operatorId>1</con:operatorId>
            <con:enabled>true</con:enabled>
            <con:expectedValue>lsbb</con:expectedValue>
            <con:caseSensitive>true</con:caseSensitive>
            <con:numberType>false</con:numberType>
          </con:elements>
          <con:elements>
            <con:path>//html[1]/body[1]/center[1]/form[1]/table[1]/tr[1]/td[2]/span[1]/span[1]/input[1]</con:path>
            <con:element>input</con:element>
            <con:operatorId>9</con:operatorId>
            <con:enabled>true</con:enabled>
            <con:expectedValue xsi:nil="true"/>
            <con:numberType>false</con:numberType>
          </con:elements>
          <con:elements>
            <con:path>//html[1]/body[1]/center[1]/form[1]/table[1]/tr[1]/td[2]/span[1]/span[1]/input[1]/@type</con:path>
            <con:element>@type</con:element>
            <con:operatorId>1</con:operatorId>
            <con:enabled>true</con:enabled>
            <con:expectedValue>submit</con:expectedValue>
            <con:caseSensitive>true</con:caseSensitive>
            <con:numberType>false</con:numberType>
          </con:elements>
          <con:elements>
            <con:path>//html[1]/body[1]/center[1]/form[1]/table[1]/tr[1]/td[2]/span[1]/span[1]/input[1]/@name</con:path>
            <con:element>@name</con:element>
            <con:operatorId>1</con:operatorId>
            <con:enabled>true</con:enabled>
            <con:expectedValue>btnG</con:expectedValue>
            <con:caseSensitive>true</con:caseSensitive>
            <con:numberType>false</con:numberType>
          </con:elements>
          <con:elements>
            <con:path>//html[1]/body[1]/center[1]/form[1]/table[1]/tr[1]/td[2]/span[1]/span[1]/input[1]/@value</con:path>
            <con:element>@value</con:element>
            <con:operatorId>1</con:operatorId>
            <con:enabled>true</con:enabled>
            <con:expectedValue>Google Search</con:expectedValue>
            <con:caseSensitive>true</con:caseSensitive>
            <con:numberType>false</con:numberType>
          </con:elements>
          <con:elements>
            <con:path>//html[1]/body[1]/center[1]/form[1]/table[1]/tr[1]/td[2]/span[1]/span[1]/input[1]/@class</con:path>
            <con:element>@class</con:element>
            <con:operatorId>1</con:operatorId>
            <con:enabled>true</con:enabled>
            <con:expectedValue>lsb</con:expectedValue>
            <con:caseSensitive>true</con:caseSensitive>
            <con:numberType>false</con:numberType>
          </con:elements>
          <con:elements>
            <con:path>//html[1]/body[1]/center[1]/form[1]/table[1]/tr[1]/td[2]/span[2]/@class</con:path>
            <con:element>@class</con:element>
            <con:operatorId>1</con:operatorId>
            <con:enabled>true</con:enabled>
            <con:expectedValue>ds</con:expectedValue>
            <con:caseSensitive>true</con:caseSensitive>
            <con:numberType>false</con:numberType>
          </con:elements>
          <con:elements>
            <con:path>//html[1]/body[1]/center[1]/form[1]/table[1]/tr[1]/td[2]/span[2]/span[1]/@class</con:path>
            <con:element>@class</con:element>
            <con:operatorId>1</con:operatorId>
            <con:enabled>true</con:enabled>
            <con:expectedValue>lsbb</con:expectedValue>
            <con:caseSensitive>true</con:caseSensitive>
            <con:numberType>false</con:numberType>
          </con:elements>
          <con:elements>
            <con:path>//html[1]/body[1]/center[1]/form[1]/table[1]/tr[1]/td[2]/span[2]/span[1]/input[1]</con:path>
            <con:element>input</con:element>
            <con:operatorId>9</con:operatorId>
            <con:enabled>true</con:enabled>
            <con:expectedValue xsi:nil="true"/>
            <con:numberType>false</con:numberType>
          </con:elements>
          <con:elements>
            <con:path>//html[1]/body[1]/center[1]/form[1]/table[1]/tr[1]/td[2]/span[2]/span[1]/input[1]/@type</con:path>
            <con:element>@type</con:element>
            <con:operatorId>1</con:operatorId>
            <con:enabled>true</con:enabled>
            <con:expectedValue>submit</con:expectedValue>
            <con:caseSensitive>true</con:caseSensitive>
            <con:numberType>false</con:numberType>
          </con:elements>
          <con:elements>
            <con:path>//html[1]/body[1]/center[1]/form[1]/table[1]/tr[1]/td[2]/span[2]/span[1]/input[1]/@name</con:path>
            <con:element>@name</con:element>
            <con:operatorId>1</con:operatorId>
            <con:enabled>true</con:enabled>
            <con:expectedValue>btnI</con:expectedValue>
            <con:caseSensitive>true</con:caseSensitive>
            <con:numberType>false</con:numberType>
          </con:elements>
          <con:elements>
            <con:path>//html[1]/body[1]/center[1]/form[1]/table[1]/tr[1]/td[2]/span[2]/span[1]/input[1]/@value</con:path>
            <con:element>@value</con:element>
            <con:operatorId>1</con:operatorId>
            <con:enabled>true</con:enabled>
            <con:expectedValue>I'm Feeling Lucky</con:expectedValue>
            <con:caseSensitive>true</con:caseSensitive>
            <con:numberType>false</con:numberType>
          </con:elements>
          <con:elements>
            <con:path>//html[1]/body[1]/center[1]/form[1]/table[1]/tr[1]/td[2]/span[2]/span[1]/input[1]/@id</con:path>
            <con:element>@id</con:element>
            <con:operatorId>1</con:operatorId>
            <con:enabled>true</con:enabled>
            <con:expectedValue>tsuid_1</con:expectedValue>
            <con:caseSensitive>true</con:caseSensitive>
            <con:numberType>false</con:numberType>
          </con:elements>
          <con:elements>
            <con:path>//html[1]/body[1]/center[1]/form[1]/table[1]/tr[1]/td[2]/span[2]/span[1]/input[1]/@class</con:path>
            <con:element>@class</con:element>
            <con:operatorId>1</con:operatorId>
            <con:enabled>true</con:enabled>
            <con:expectedValue>lsb</con:expectedValue>
            <con:caseSensitive>true</con:caseSensitive>
            <con:numberType>false</con:numberType>
          </con:elements>
          <con:elements>
            <con:path>//html[1]/body[1]/center[1]/form[1]/table[1]/tr[1]/td[2]/span[2]/span[1]/script[1]</con:path>
            <con:element>script</con:element>
            <con:operatorId>1</con:operatorId>
            <con:enabled>true</con:enabled>
            <con:expectedValue>(function(){var id='tsuid_1';document.getElementById(id).onclick = function(){if (this.form.q.value){this.checked = 1;if (this.form.iflsig)this.form.iflsig.disabled = false;}
else top.location='/doodles/';};})();</con:expectedValue>
            <con:caseSensitive>true</con:caseSensitive>
            <con:numberType>false</con:numberType>
          </con:elements>
          <con:elements>
            <con:path>//html[1]/body[1]/center[1]/form[1]/table[1]/tr[1]/td[2]/span[2]/span[1]/script[1]/@nonce</con:path>
            <con:element>@nonce</con:element>
            <con:operatorId>9</con:operatorId>
            <con:enabled>true</con:enabled>
            <con:expectedValue>EQXKpGl9Oy9ul6HXrM9PHQ</con:expectedValue>
            <con:caseSensitive>true</con:caseSensitive>
            <con:numberType>false</con:numberType>
          </con:elements>
          <con:elements>
            <con:path>//html[1]/body[1]/center[1]/form[1]/table[1]/tr[1]/td[2]/span[2]/span[1]/script[1]/@type</con:path>
            <con:element>@type</con:element>
            <con:operatorId>1</con:operatorId>
            <con:enabled>true</con:enabled>
            <con:expectedValue>text/javascript</con:expectedValue>
            <con:caseSensitive>true</con:caseSensitive>
            <con:numberType>false</con:numberType>
          </con:elements>
          <con:elements>
            <con:path>//html[1]/body[1]/center[1]/form[1]/table[1]/tr[1]/td[2]/span[2]/span[1]/input[2]</con:path>
            <con:element>input</con:element>
            <con:operatorId>9</con:operatorId>
            <con:enabled>true</con:enabled>
            <con:expectedValue xsi:nil="true"/>
            <con:numberType>false</con:numberType>
          </con:elements>
          <con:elements>
            <con:path>//html[1]/body[1]/center[1]/form[1]/table[1]/tr[1]/td[2]/span[2]/span[1]/input[2]/@type</con:path>
            <con:element>@type</con:element>
            <con:operatorId>1</con:operatorId>
            <con:enabled>true</con:enabled>
            <con:expectedValue>hidden</con:expectedValue>
            <con:caseSensitive>true</con:caseSensitive>
            <con:numberType>false</con:numberType>
          </con:elements>
          <con:elements>
            <con:path>//html[1]/body[1]/center[1]/form[1]/table[1]/tr[1]/td[2]/span[2]/span[1]/input[2]/@name</con:path>
            <con:element>@name</con:element>
            <con:operatorId>1</con:operatorId>
            <con:enabled>true</con:enabled>
            <con:expectedValue>iflsig</con:expectedValue>
            <con:caseSensitive>true</con:caseSensitive>
            <con:numberType>false</con:numberType>
          </con:elements>
          <con:elements>
            <con:path>//html[1]/body[1]/center[1]/form[1]/table[1]/tr[1]/td[2]/span[2]/span[1]/input[2]/@value</con:path>
            <con:element>@value</con:element>
            <con:operatorId>9</con:operatorId>
            <con:enabled>true</con:enabled>
            <con:expectedValue>AJiK0e8AAAAAY0lsDoGlLqIUKdV63UE64_AH7YKvgE4o</con:expectedValue>
            <con:caseSensitive>true</con:caseSensitive>
            <con:numberType>false</con:numberType>
          </con:elements>
          <con:elements>
            <con:path>//html[1]/body[1]/center[1]/form[1]/table[1]/tr[1]/td[3]/@width</con:path>
            <con:element>@width</con:element>
            <con:operatorId>1</con:operatorId>
            <con:enabled>true</con:enabled>
            <con:expectedValue>25%</con:expectedValue>
            <con:caseSensitive>true</con:caseSensitive>
            <con:numberType>false</con:numberType>
          </con:elements>
          <con:elements>
            <con:path>//html[1]/body[1]/center[1]/form[1]/table[1]/tr[1]/td[3]/@nowrap</con:path>
            <con:element>@nowrap</con:element>
            <con:operatorId>9</con:operatorId>
            <con:enabled>true</con:enabled>
            <con:expectedValue xsi:nil="true"/>
            <con:numberType>false</con:numberType>
          </con:elements>
          <con:elements>
            <con:path>//html[1]/body[1]/center[1]/form[1]/table[1]/tr[1]/td[3]/@align</con:path>
            <con:element>@align</con:element>
            <con:operatorId>1</con:operatorId>
            <con:enabled>true</con:enabled>
            <con:expectedValue>left</con:expectedValue>
            <con:caseSensitive>true</con:caseSensitive>
            <con:numberType>false</con:numberType>
          </con:elements>
          <con:elements>
            <con:path>//html[1]/body[1]/center[1]/form[1]/table[1]/tr[1]/td[3]/@class</con:path>
            <con:element>@class</con:element>
            <con:operatorId>1</con:operatorId>
            <con:enabled>true</con:enabled>
            <con:expectedValue>fl sblc</con:expectedValue>
            <con:caseSensitive>true</con:caseSensitive>
            <con:numberType>false</con:numberType>
          </con:elements>
          <con:elements>
            <con:path>//html[1]/body[1]/center[1]/form[1]/table[1]/tr[1]/td[3]/a[1]</con:path>
            <con:element>a</con:element>
            <con:operatorId>1</con:operatorId>
            <con:enabled>true</con:enabled>
            <con:expectedValue>Advanced search</con:expectedValue>
            <con:caseSensitive>true</con:caseSensitive>
            <con:numberType>false</con:numberType>
          </con:elements>
          <con:elements>
            <con:path>//html[1]/body[1]/center[1]/form[1]/table[1]/tr[1]/td[3]/a[1]/@href</con:path>
            <con:element>@href</con:element>
            <con:operatorId>1</con:operatorId>
            <con:enabled>true</con:enabled>
            <con:expectedValue>/advanced_search?hl=en&amp;authuser=0</con:expectedValue>
            <con:caseSensitive>true</con:caseSensitive>
            <con:numberType>false</con:numberType>
          </con:elements>
          <con:elements>
            <con:path>//html[1]/body[1]/center[1]/form[1]/input[1]</con:path>
            <con:element>input</con:element>
            <con:operatorId>9</con:operatorId>
            <con:enabled>true</con:enabled>
            <con:expectedValue xsi:nil="true"/>
            <con:numberType>false</con:numberType>
          </con:elements>
          <con:elements>
            <con:path>//html[1]/body[1]/center[1]/form[1]/input[1]/@value</con:path>
            <con:element>@value</con:element>
            <con:operatorId>1</con:operatorId>
            <con:enabled>true</con:enabled>
            <con:expectedValue>1</con:expectedValue>
            <con:caseSensitive>true</con:caseSensitive>
            <con:numberType>false</con:numberType>
          </con:elements>
          <con:elements>
            <con:path>//html[1]/body[1]/center[1]/form[1]/input[1]/@type</con:path>
            <con:element>@type</con:element>
            <con:operatorId>1</con:operatorId>
            <con:enabled>true</con:enabled>
            <con:expectedValue>hidden</con:expectedValue>
            <con:caseSensitive>true</con:caseSensitive>
            <con:numberType>false</con:numberType>
          </con:elements>
          <con:elements>
            <con:path>//html[1]/body[1]/center[1]/form[1]/input[1]/@name</con:path>
            <con:element>@name</con:element>
            <con:operatorId>1</con:operatorId>
            <con:enabled>true</con:enabled>
            <con:expectedValue>gbv</con:expectedValue>
            <con:caseSensitive>true</con:caseSensitive>
            <con:numberType>false</con:numberType>
          </con:elements>
          <con:elements>
            <con:path>//html[1]/body[1]/center[1]/form[1]/input[1]/@id</con:path>
            <con:element>@id</con:element>
            <con:operatorId>1</con:operatorId>
            <con:enabled>true</con:enabled>
            <con:expectedValue>gbv</con:expectedValue>
            <con:caseSensitive>true</con:caseSensitive>
            <con:numberType>false</con:numberType>
          </con:elements>
          <con:elements>
            <con:path>//html[1]/body[1]/center[1]/form[1]/script[1]</con:path>
            <con:element>script</con:element>
            <con:operatorId>1</con:operatorId>
            <con:enabled>true</con:enabled>
            <con:expectedValue><![CDATA[(function(){
var a,b="1";if(document&&document.getElementById)if("undefined"!=typeof XMLHttpRequest)b="2";else if("undefined"!=typeof ActiveXObject){var c,d,e=["MSXML2.XMLHTTP.6.0","MSXML2.XMLHTTP.3.0","MSXML2.XMLHTTP","Microsoft.XMLHTTP"];for(c=0;d=e[c++];)try{new ActiveXObject(d),b="2"}catch(h){}}a=b;if("2"==a&&-1==location.search.indexOf("&gbv=2")){var f=google.gbvu,g=document.getElementById("gbv");g&&(g.value=a);f&&window.setTimeout(function(){location.href=f},0)};}).call(this);]]></con:expectedValue>
            <con:caseSensitive>true</con:caseSensitive>
            <con:numberType>false</con:numberType>
          </con:elements>
          <con:elements>
            <con:path>//html[1]/body[1]/center[1]/form[1]/script[1]/@nonce</con:path>
            <con:element>@nonce</con:element>
            <con:operatorId>9</con:operatorId>
            <con:enabled>true</con:enabled>
            <con:expectedValue>EQXKpGl9Oy9ul6HXrM9PHQ</con:expectedValue>
            <con:caseSensitive>true</con:caseSensitive>
            <con:numberType>false</con:numberType>
          </con:elements>
          <con:elements>
            <con:path>//html[1]/body[1]/center[1]/form[1]/script[1]/@type</con:path>
            <con:element>@type</con:element>
            <con:operatorId>1</con:operatorId>
            <con:enabled>true</con:enabled>
            <con:expectedValue>text/javascript</con:expectedValue>
            <con:caseSensitive>true</con:caseSensitive>
            <con:numberType>false</con:numberType>
          </con:elements>
          <con:elements>
            <con:path>//html[1]/body[1]/center[1]/div[2]</con:path>
            <con:element>div</con:element>
            <con:operatorId>9</con:operatorId>
            <con:enabled>true</con:enabled>
            <con:expectedValue xsi:nil="true"/>
            <con:numberType>false</con:numberType>
          </con:elements>
          <con:elements>
            <con:path>//html[1]/body[1]/center[1]/div[2]/@id</con:path>
            <con:element>@id</con:element>
            <con:operatorId>1</con:operatorId>
            <con:enabled>true</con:enabled>
            <con:expectedValue>gac_scont</con:expectedValue>
            <con:caseSensitive>true</con:caseSensitive>
            <con:numberType>false</con:numberType>
          </con:elements>
          <con:elements>
            <con:path>//html[1]/body[1]/center[1]/div[3]/@style</con:path>
            <con:element>@style</con:element>
            <con:operatorId>1</con:operatorId>
            <con:enabled>true</con:enabled>
            <con:expectedValue>font-size:83%;min-height:3.5em</con:expectedValue>
            <con:caseSensitive>true</con:caseSensitive>
            <con:numberType>false</con:numberType>
          </con:elements>
          <con:elements>
            <con:path>//html[1]/body[1]/center[1]/div[3]/br[1]</con:path>
            <con:element>br</con:element>
            <con:operatorId>9</con:operatorId>
            <con:enabled>true</con:enabled>
            <con:expectedValue xsi:nil="true"/>
            <con:numberType>false</con:numberType>
          </con:elements>
          <con:elements>
            <con:path>//html[1]/body[1]/center[1]/span[1]</con:path>
            <con:element>span</con:element>
            <con:operatorId>9</con:operatorId>
            <con:enabled>true</con:enabled>
            <con:expectedValue xsi:nil="true"/>
            <con:numberType>false</con:numberType>
          </con:elements>
          <con:elements>
            <con:path>//html[1]/body[1]/center[1]/span[1]/@id</con:path>
            <con:element>@id</con:element>
            <con:operatorId>1</con:operatorId>
            <con:enabled>true</con:enabled>
            <con:expectedValue>footer</con:expectedValue>
            <con:caseSensitive>true</con:caseSensitive>
            <con:numberType>false</con:numberType>
          </con:elements>
          <con:elements>
            <con:path>//html[1]/body[1]/center[1]/div[4]/@style</con:path>
            <con:element>@style</con:element>
            <con:operatorId>1</con:operatorId>
            <con:enabled>true</con:enabled>
            <con:expectedValue>font-size:10pt</con:expectedValue>
            <con:caseSensitive>true</con:caseSensitive>
            <con:numberType>false</con:numberType>
          </con:elements>
          <con:elements>
            <con:path>//html[1]/body[1]/center[1]/div[4]/div[1]/@id</con:path>
            <con:element>@id</con:element>
            <con:operatorId>1</con:operatorId>
            <con:enabled>true</con:enabled>
            <con:expectedValue>WqQANb</con:expectedValue>
            <con:caseSensitive>true</con:caseSensitive>
            <con:numberType>false</con:numberType>
          </con:elements>
          <con:elements>
            <con:path>//html[1]/body[1]/center[1]/div[4]/div[1]/@style</con:path>
            <con:element>@style</con:element>
            <con:operatorId>1</con:operatorId>
            <con:enabled>true</con:enabled>
            <con:expectedValue>margin:19px auto;text-align:center</con:expectedValue>
            <con:caseSensitive>true</con:caseSensitive>
            <con:numberType>false</con:numberType>
          </con:elements>
          <con:elements>
            <con:path>//html[1]/body[1]/center[1]/div[4]/div[1]/a[1]</con:path>
            <con:element>a</con:element>
            <con:operatorId>1</con:operatorId>
            <con:enabled>true</con:enabled>
            <con:expectedValue>Advertising Programs</con:expectedValue>
            <con:caseSensitive>true</con:caseSensitive>
            <con:numberType>false</con:numberType>
          </con:elements>
          <con:elements>
            <con:path>//html[1]/body[1]/center[1]/div[4]/div[1]/a[1]/@href</con:path>
            <con:element>@href</con:element>
            <con:operatorId>1</con:operatorId>
            <con:enabled>true</con:enabled>
            <con:expectedValue>/intl/en/ads/</con:expectedValue>
            <con:caseSensitive>true</con:caseSensitive>
            <con:numberType>false</con:numberType>
          </con:elements>
          <con:elements>
            <con:path>//html[1]/body[1]/center[1]/div[4]/div[1]/a[2]</con:path>
            <con:element>a</con:element>
            <con:operatorId>1</con:operatorId>
            <con:enabled>true</con:enabled>
            <con:expectedValue>Business Solutions</con:expectedValue>
            <con:caseSensitive>true</con:caseSensitive>
            <con:numberType>false</con:numberType>
          </con:elements>
          <con:elements>
            <con:path>//html[1]/body[1]/center[1]/div[4]/div[1]/a[2]/@href</con:path>
            <con:element>@href</con:element>
            <con:operatorId>1</con:operatorId>
            <con:enabled>true</con:enabled>
            <con:expectedValue>/services/</con:expectedValue>
            <con:caseSensitive>true</con:caseSensitive>
            <con:numberType>false</con:numberType>
          </con:elements>
          <con:elements>
            <con:path>//html[1]/body[1]/center[1]/div[4]/div[1]/a[3]</con:path>
            <con:element>a</con:element>
            <con:operatorId>1</con:operatorId>
            <con:enabled>true</con:enabled>
            <con:expectedValue>About Google</con:expectedValue>
            <con:caseSensitive>true</con:caseSensitive>
            <con:numberType>false</con:numberType>
          </con:elements>
          <con:elements>
            <con:path>//html[1]/body[1]/center[1]/div[4]/div[1]/a[3]/@href</con:path>
            <con:element>@href</con:element>
            <con:operatorId>1</con:operatorId>
            <con:enabled>true</con:enabled>
            <con:expectedValue>/intl/en/about.html</con:expectedValue>
            <con:caseSensitive>true</con:caseSensitive>
            <con:numberType>false</con:numberType>
          </con:elements>
          <con:elements>
            <con:path>//html[1]/body[1]/center[1]/p[1]/@style</con:path>
            <con:element>@style</con:element>
            <con:operatorId>1</con:operatorId>
            <con:enabled>true</con:enabled>
            <con:expectedValue>font-size:8pt;color:#70757a</con:expectedValue>
            <con:caseSensitive>true</con:caseSensitive>
            <con:numberType>false</con:numberType>
          </con:elements>
          <con:elements>
            <con:path>//html[1]/body[1]/center[1]/p[1]</con:path>
            <con:element>#text</con:element>
            <con:operatorId>1</con:operatorId>
            <con:enabled>true</con:enabled>
            <con:expectedValue>© 2022 -</con:expectedValue>
            <con:caseSensitive>true</con:caseSensitive>
            <con:numberType>false</con:numberType>
          </con:elements>
          <con:elements>
            <con:path>//html[1]/body[1]/center[1]/p[1]/a[1]</con:path>
            <con:element>a</con:element>
            <con:operatorId>1</con:operatorId>
            <con:enabled>true</con:enabled>
            <con:expectedValue>Privacy</con:expectedValue>
            <con:caseSensitive>true</con:caseSensitive>
            <con:numberType>false</con:numberType>
          </con:elements>
          <con:elements>
            <con:path>//html[1]/body[1]/center[1]/p[1]/a[1]/@href</con:path>
            <con:element>@href</con:element>
            <con:operatorId>1</con:operatorId>
            <con:enabled>true</con:enabled>
            <con:expectedValue>/intl/en/policies/privacy/</con:expectedValue>
            <con:caseSensitive>true</con:caseSensitive>
            <con:numberType>false</con:numberType>
          </con:elements>
          <con:elements>
            <con:path>//html[1]/body[1]/center[1]/p[1]/a[2]</con:path>
            <con:element>a</con:element>
            <con:operatorId>1</con:operatorId>
            <con:enabled>true</con:enabled>
            <con:expectedValue>Terms</con:expectedValue>
            <con:caseSensitive>true</con:caseSensitive>
            <con:numberType>false</con:numberType>
          </con:elements>
          <con:elements>
            <con:path>//html[1]/body[1]/center[1]/p[1]/a[2]/@href</con:path>
            <con:element>@href</con:element>
            <con:operatorId>1</con:operatorId>
            <con:enabled>true</con:enabled>
            <con:expectedValue>/intl/en/policies/terms/</con:expectedValue>
            <con:caseSensitive>true</con:caseSensitive>
            <con:numberType>false</con:numberType>
          </con:elements>
          <con:elements>
            <con:path>//html[1]/body[1]/script[2]</con:path>
            <con:element>script</con:element>
            <con:operatorId>1</con:operatorId>
            <con:enabled>true</con:enabled>
            <con:expectedValue><![CDATA[(function(){window.google.cdo={height:757,width:1440};(function(){
var a=window.innerWidth,b=window.innerHeight;if(!a||!b){var c=window.document,d="CSS1Compat"==c.compatMode?c.documentElement:c.body;a=d.clientWidth;b=d.clientHeight}a&&b&&(a!=google.cdo.width||b!=google.cdo.height)&&google.log("","","/client_204?&atyp=i&biw="+a+"&bih="+b+"&ei="+google.kEI);}).call(this);})();]]></con:expectedValue>
            <con:caseSensitive>true</con:caseSensitive>
            <con:numberType>false</con:numberType>
          </con:elements>
          <con:elements>
            <con:path>//html[1]/body[1]/script[2]/@nonce</con:path>
            <con:element>@nonce</con:element>
            <con:operatorId>9</con:operatorId>
            <con:enabled>true</con:enabled>
            <con:expectedValue>EQXKpGl9Oy9ul6HXrM9PHQ</con:expectedValue>
            <con:caseSensitive>true</con:caseSensitive>
            <con:numberType>false</con:numberType>
          </con:elements>
          <con:elements>
            <con:path>//html[1]/body[1]/script[2]/@type</con:path>
            <con:element>@type</con:element>
            <con:operatorId>1</con:operatorId>
            <con:enabled>true</con:enabled>
            <con:expectedValue>text/javascript</con:expectedValue>
            <con:caseSensitive>true</con:caseSensitive>
            <con:numberType>false</con:numberType>
          </con:elements>
          <con:elements>
            <con:path>//html[1]/body[1]/script[3]</con:path>
            <con:element>script</con:element>
            <con:operatorId>1</con:operatorId>
            <con:enabled>true</con:enabled>
            <con:expectedValue>(function(){google.xjs={ck:'xjs.hp.iHfCprUw_lc.L.X.O',cs:'ACT90oFv86eiuOAuoorNWPW7kRyYbY9SbQ',excm:[]};})();</con:expectedValue>
            <con:caseSensitive>true</con:caseSensitive>
            <con:numberType>false</con:numberType>
          </con:elements>
          <con:elements>
            <con:path>//html[1]/body[1]/script[3]/@nonce</con:path>
            <con:element>@nonce</con:element>
            <con:operatorId>9</con:operatorId>
            <con:enabled>true</con:enabled>
            <con:expectedValue>EQXKpGl9Oy9ul6HXrM9PHQ</con:expectedValue>
            <con:caseSensitive>true</con:caseSensitive>
            <con:numberType>false</con:numberType>
          </con:elements>
          <con:elements>
            <con:path>//html[1]/body[1]/script[3]/@type</con:path>
            <con:element>@type</con:element>
            <con:operatorId>1</con:operatorId>
            <con:enabled>true</con:enabled>
            <con:expectedValue>text/javascript</con:expectedValue>
            <con:caseSensitive>true</con:caseSensitive>
            <con:numberType>false</con:numberType>
          </con:elements>
          <con:elements>
            <con:path>//html[1]/body[1]/script[4]</con:path>
            <con:element>script</con:element>
            <con:operatorId>9</con:operatorId>
            <con:enabled>true</con:enabled>
            <con:expectedValue><![CDATA[(function(){var u='/xjs/_/js/k\x3dxjs.hp.en_US.VW3bwV24fwA.O/am\x3dAAB0AgBQAKAC/d\x3d1/ed\x3d1/rs\x3dACT90oGDaVzVrxMpEy8ZDEHQmY0bn2PAew/m\x3dsb_he,d';
var d=this||self,e=function(a){return a};
var g;var l=function(a,b){this.g=b===h?a:""};l.prototype.toString=function(){return this.g+""};var h={};function n(){var a=u;google.lx=function(){p(a);google.lx=function(){}};google.bx||google.lx()}
function p(a){google.timers&&google.timers.load&&google.tick&&google.tick("load","xjsls");var b=document;var c="SCRIPT";"application/xhtml+xml"===b.contentType&&(c=c.toLowerCase());c=b.createElement(c);if(void 0===g){b=null;var k=d.trustedTypes;if(k&&k.createPolicy){try{b=k.createPolicy("goog#html",{createHTML:e,createScript:e,createScriptURL:e})}catch(q){d.console&&d.console.error(q.message)}g=b}else g=b}a=(b=g)?b.createScriptURL(a):a;a=new l(a,h);c.src=a instanceof l&&a.constructor===l?a.g:"type_error:TrustedResourceUrl";var f,m;(f=(a=null==(m=(f=(c.ownerDocument&&c.ownerDocument.defaultView||window).document).querySelector)?void 0:m.call(f,"script[nonce]"))?a.nonce||a.getAttribute("nonce")||"":"")&&c.setAttribute("nonce",f);document.body.appendChild(c);google.psa=!0};google.xjsu=u;setTimeout(function(){n()},0);})();function _DumpException(e){throw e;}
function _F_installCss(c){}
(function(){google.jl={blt:'none',chnk:0,dw:false,dwu:true,emtn:0,end:0,ine:false,injs:'none',injt:0,injth:0,injv2:false,lls:'default',pdt:0,rep:0,snet:true,strt:0,ubm:false,uwp:true};})();(function(){var pmc='{\x22d\x22:{},\x22sb_he\x22:{\x22agen\x22:true,\x22cgen\x22:true,\x22client\x22:\x22heirloom-hp\x22,\x22dh\x22:true,\x22dhqt\x22:true,\x22ds\x22:\x22\x22,\x22ffql\x22:\x22en\x22,\x22fl\x22:true,\x22host\x22:\x22google.com\x22,\x22isbh\x22:28,\x22jsonp\x22:true,\x22msgs\x22:{\x22cibl\x22:\x22Clear Search\x22,\x22dym\x22:\x22Did you mean:\x22,\x22lcky\x22:\x22I\\u0026#39;m Feeling Lucky\x22,\x22lml\x22:\x22Learn more\x22,\x22oskt\x22:\x22Input tools\x22,\x22psrc\x22:\x22This search was removed from your \\u003Ca href\x3d\\\x22/history\\\x22\\u003EWeb History\\u003C/a\\u003E\x22,\x22psrl\x22:\x22Remove\x22,\x22sbit\x22:\x22Search by image\x22,\x22srch\x22:\x22Google Search\x22},\x22ovr\x22:{},\x22pq\x22:\x22\x22,\x22refpd\x22:true,\x22rfs\x22:[],\x22sbas\x22:\x220 3px 8px 0 rgba(0,0,0,0.2),0 0 0 1px rgba(0,0,0,0.08)\x22,\x22sbpl\x22:16,\x22sbpr\x22:16,\x22scd\x22:10,\x22stok\x22:\x22AY17jmQB-YhTP9dmYVwLQmaRm34\x22,\x22uhde\x22:false}}';google.pmc=JSON.parse(pmc);})();]]></con:expectedValue>
            <con:caseSensitive>true</con:caseSensitive>
            <con:numberType>false</con:numberType>
          </con:elements>
          <con:elements>
            <con:path>//html[1]/body[1]/script[4]/@nonce</con:path>
            <con:element>@nonce</con:element>
            <con:operatorId>9</con:operatorId>
            <con:enabled>true</con:enabled>
            <con:expectedValue>EQXKpGl9Oy9ul6HXrM9PHQ</con:expectedValue>
            <con:caseSensitive>true</con:caseSensitive>
            <con:numberType>false</con:numberType>
          </con:elements>
          <con:elements>
            <con:path>//html[1]/body[1]/script[4]/@type</con:path>
            <con:element>@type</con:element>
            <con:operatorId>1</con:operatorId>
            <con:enabled>true</con:enabled>
            <con:expectedValue>text/javascript</con:expectedValue>
            <con:caseSensitive>true</con:caseSensitive>
            <con:numberType>false</con:numberType>
          </con:elements>
          <con:elements>
            <con:path>//html[1]/head[1]/meta[2]/@name</con:path>
            <con:element>@name</con:element>
            <con:operatorId>1</con:operatorId>
            <con:enabled>true</con:enabled>
            <con:expectedValue>description</con:expectedValue>
            <con:caseSensitive>true</con:caseSensitive>
            <con:numberType>false</con:numberType>
          </con:elements>
          <con:elements>
            <con:path>//html[1]/head[1]/meta[3]/@name</con:path>
            <con:element>@name</con:element>
            <con:operatorId>1</con:operatorId>
            <con:enabled>true</con:enabled>
            <con:expectedValue>robots</con:expectedValue>
            <con:caseSensitive>true</con:caseSensitive>
            <con:numberType>false</con:numberType>
          </con:elements>
          <con:elements>
            <con:path>//html[1]/head[1]/meta[4]</con:path>
            <con:element>meta</con:element>
            <con:operatorId>9</con:operatorId>
            <con:enabled>true</con:enabled>
            <con:numberType>false</con:numberType>
          </con:elements>
          <con:elements>
            <con:path>//html[1]/head[1]/meta[4]/@http-equiv</con:path>
            <con:element>@http-equiv</con:element>
            <con:operatorId>1</con:operatorId>
            <con:enabled>true</con:enabled>
            <con:expectedValue>Content-Type</con:expectedValue>
            <con:caseSensitive>true</con:caseSensitive>
            <con:numberType>false</con:numberType>
          </con:elements>
          <con:elements>
            <con:path>//html[1]/head[1]/meta[4]/@content</con:path>
            <con:element>@content</con:element>
            <con:operatorId>1</con:operatorId>
            <con:enabled>true</con:enabled>
            <con:expectedValue>text/html; charset=UTF-8</con:expectedValue>
            <con:caseSensitive>true</con:caseSensitive>
            <con:numberType>false</con:numberType>
          </con:elements>
          <con:elements>
            <con:path>//html[1]/head[1]/meta[5]</con:path>
            <con:element>meta</con:element>
            <con:operatorId>9</con:operatorId>
            <con:enabled>true</con:enabled>
            <con:numberType>false</con:numberType>
          </con:elements>
          <con:elements>
            <con:path>//html[1]/head[1]/meta[5]/@itemprop</con:path>
            <con:element>@itemprop</con:element>
            <con:operatorId>1</con:operatorId>
            <con:enabled>true</con:enabled>
            <con:expectedValue>image</con:expectedValue>
            <con:caseSensitive>true</con:caseSensitive>
            <con:numberType>false</con:numberType>
          </con:elements>
          <con:elements>
            <con:path>//html[1]/head[1]/meta[5]/@content</con:path>
            <con:element>@content</con:element>
            <con:operatorId>1</con:operatorId>
            <con:enabled>true</con:enabled>
            <con:expectedValue>/images/branding/googleg/1x/googleg_standard_color_128dp.png</con:expectedValue>
            <con:caseSensitive>true</con:caseSensitive>
            <con:numberType>false</con:numberType>
          </con:elements>
          <con:elements>
            <con:path>//html[1]/body[1]/center[1]/form[1]/table[1]/tr[1]/td[2]/div[1]/input[1]</con:path>
            <con:element>input</con:element>
            <con:operatorId>9</con:operatorId>
            <con:enabled>true</con:enabled>
            <con:numberType>false</con:numberType>
          </con:elements>
          <con:elements>
            <con:path>//html[1]/body[1]/center[1]/form[1]/table[1]/tr[1]/td[2]/div[1]/input[1]/@size</con:path>
            <con:element>@size</con:element>
            <con:operatorId>1</con:operatorId>
            <con:enabled>true</con:enabled>
            <con:expectedValue>57</con:expectedValue>
            <con:caseSensitive>true</con:caseSensitive>
            <con:numberType>false</con:numberType>
          </con:elements>
          <con:elements>
            <con:path>//html[1]/body[1]/center[1]/form[1]/table[1]/tr[1]/td[2]/div[1]/input[1]/@name</con:path>
            <con:element>@name</con:element>
            <con:operatorId>1</con:operatorId>
            <con:enabled>true</con:enabled>
            <con:expectedValue>q</con:expectedValue>
            <con:caseSensitive>true</con:caseSensitive>
            <con:numberType>false</con:numberType>
          </con:elements>
          <con:elements>
            <con:path>//html[1]/body[1]/center[1]/form[1]/table[1]/tr[1]/td[2]/div[1]/input[1]/@maxlength</con:path>
            <con:element>@maxlength</con:element>
            <con:operatorId>1</con:operatorId>
            <con:enabled>true</con:enabled>
            <con:expectedValue>2048</con:expectedValue>
            <con:caseSensitive>true</con:caseSensitive>
            <con:numberType>false</con:numberType>
          </con:elements>
          <con:elements>
            <con:path>//html[1]/body[1]/center[1]/form[1]/table[1]/tr[1]/td[2]/div[1]/input[1]/@title</con:path>
            <con:element>@title</con:element>
            <con:operatorId>1</con:operatorId>
            <con:enabled>true</con:enabled>
            <con:expectedValue>Google Search</con:expectedValue>
            <con:caseSensitive>true</con:caseSensitive>
            <con:numberType>false</con:numberType>
          </con:elements>
          <con:elements>
            <con:path>//html[1]/body[1]/center[1]/form[1]/table[1]/tr[1]/td[2]/div[1]/input[1]/@value</con:path>
            <con:element>@value</con:element>
            <con:operatorId>9</con:operatorId>
            <con:enabled>true</con:enabled>
            <con:numberType>false</con:numberType>
          </con:elements>
          <con:elements>
            <con:path>//html[1]/body[1]/center[1]/form[1]/table[1]/tr[1]/td[2]/div[1]/input[1]/@autocomplete</con:path>
            <con:element>@autocomplete</con:element>
            <con:operatorId>1</con:operatorId>
            <con:enabled>true</con:enabled>
            <con:expectedValue>off</con:expectedValue>
            <con:caseSensitive>true</con:caseSensitive>
            <con:numberType>false</con:numberType>
          </con:elements>
          <con:elements>
            <con:path>//html[1]/body[1]/center[1]/form[1]/table[1]/tr[1]/td[2]/div[1]/input[1]/@style</con:path>
            <con:element>@style</con:element>
            <con:operatorId>1</con:operatorId>
            <con:enabled>true</con:enabled>
            <con:expectedValue>margin:0;padding:5px 8px 0 6px;vertical-align:top;color:#000</con:expectedValue>
            <con:caseSensitive>true</con:caseSensitive>
            <con:numberType>false</con:numberType>
          </con:elements>
          <con:elements>
            <con:path>//html[1]/body[1]/center[1]/form[1]/table[1]/tr[1]/td[2]/div[1]/input[1]/@class</con:path>
            <con:element>@class</con:element>
            <con:operatorId>1</con:operatorId>
            <con:enabled>true</con:enabled>
            <con:expectedValue>lst</con:expectedValue>
            <con:caseSensitive>true</con:caseSensitive>
            <con:numberType>false</con:numberType>
          </con:elements>
          <con:originalMessage><![CDATA[<html lang="en" itemtype="http://schema.org/WebPage" itemscope="">
   <head>
      <meta content="HTML Tidy for Java (vers. 26 Sep 2004), see www.w3.org" name="generator"/>
      <meta name="description" content="Search the world's information, including webpages, images, videos and more. Google has many special features to help you find exactly what you're looking for."/>
      <meta name="robots" content="noodp"/>
      <meta http-equiv="Content-Type" content="text/html; charset=UTF-8"/>
      <meta itemprop="image" content="/images/branding/googleg/1x/googleg_standard_color_128dp.png"/>
      <title>Google</title>
      <script nonce="EQXKpGl9Oy9ul6HXrM9PHQ" type="text/javascript"><![CDATA[(function(){window.google={kEI:'_l1JY7WzB4-ikPIP1si70A0',kEXPI:'0,202547,1099989,56873,6059,206,4804,2316,383,246,5,5367,1123753,1197779,622,380089,16115,28684,22431,1361,12318,4747,12834,4998,13228,3847,10622,22741,6674,1279,2742,149,1103,840,1983,213,4101,3514,606,2023,1733,43,521,14670,3227,2847,5,33770,17175,432,3,346,1244,1,5444,151,11321,2652,4,1528,2304,7039,22023,5708,7355,13660,2980,1457,15351,1435,5827,2530,4097,14,4035,3,3541,1,42154,2,14022,2373,342,11401,11623,5679,1021,2380,28742,4568,6258,23418,1252,5835,14967,4333,2204,5280,445,2,2,1,26632,8155,7321,60,2,3,1475,14490,873,7829,1796,5211,4797,7,1922,5784,3995,12414,9365,9543,4832,5763,10201,1044,8,122,700,4,1,2,2,2,2,1439,6790,423,928,4336,1225,3910,1414,4411,3913,14,82,890,59,582,2359,751,201,1869,942,1,6612,51,2197,488,922,1941,450,364,466,683,899,2433,274,216,181,554,508,13,25,3,68,456,164,875,86,792,2993,3016,212,1118,857,893,1,700,1,160,417,260,984,743,337,100,969,338,1064,156,222,299,814,77,264,134,32,655,352,869,844,637,2,524,31,333,644,136,514,616,193,1310,746,48,2,48,827,187,2,339,8,428,3,19,30,553,150,755,493,61,122,275,405,522,821,265,12,769,363,1,5325292,5994176,651,1044,2803379,3311,141,795,19735,1,1,346,1754,59,14,4,6,2,3,3,95,23,4,2,7451656,16496859,470,17,2861540,1180116,1964,3094,13578,3406,11319,1374024',kBL:'stdm'};google.sn='webhp';google.kHL='en';})();(function(){
var f=this||self;var h,k=[];function l(a){for(var b;a&&(!a.getAttribute||!(b=a.getAttribute("eid")));)a=a.parentNode;return b||h}function m(a){for(var b=null;a&&(!a.getAttribute||!(b=a.getAttribute("leid")));)a=a.parentNode;return b}
function n(a,b,c,d,g){var e="";c||-1!==b.search("&ei=")||(e="&ei="+l(d),-1===b.search("&lei=")&&(d=m(d))&&(e+="&lei="+d));d="";!c&&f._cshid&&-1===b.search("&cshid=")&&"slh"!==a&&(d="&cshid="+f._cshid);c=c||"/"+(g||"gen_204")+"?atyp=i&ct="+a+"&cad="+b+e+"&zx="+Date.now()+d;/^http:/i.test(c)&&"https:"===window.location.protocol&&(google.ml&&google.ml(Error("a"),!1,{src:c,glmm:1}),c="");return c};h=google.kEI;google.getEI=l;google.getLEI=m;google.ml=function(){return null};google.log=function(a,b,c,d,g){if(c=n(a,b,c,d,g)){a=new Image;var e=k.length;k[e]=a;a.onerror=a.onload=a.onabort=function(){delete k[e]};a.src=c}};google.logUrl=n;}).call(this);(function(){
google.y={};google.sy=[];google.x=function(a,b){if(a)var c=a.id;else{do c=Math.random();while(google.y[c])}google.y[c]=[a,b];return!1};google.sx=function(a){google.sy.push(a)};google.lm=[];google.plm=function(a){google.lm.push.apply(google.lm,a)};google.lq=[];google.load=function(a,b,c){google.lq.push([[a],b,c])};google.loadAll=function(a,b){google.lq.push([a,b])};google.bx=!1;google.lx=function(){};}).call(this);google.f={};(function(){
document.documentElement.addEventListener("submit",function(b){var a;if(a=b.target){var c=a.getAttribute("data-submitfalse");a="1"===c||"q"===c&&!a.elements.q.value?!0:!1}else a=!1;a&&(b.preventDefault(),b.stopPropagation())},!0);document.documentElement.addEventListener("click",function(b){var a;a:{for(a=b.target;a&&a!==document.documentElement;a=a.parentElement)if("A"===a.tagName){a="1"===a.getAttribute("data-nohref");break a}a=!1}a&&b.preventDefault()},!0);}).call(this);]]]]>><![CDATA[</script>
      <style type="text/css">#gbar,#guser{font-size:13px;padding-top:1px !important;}#gbar{height:22px}#guser{padding-bottom:7px !important;text-align:right}.gbh,.gbd{border-top:1px solid #c9d7f1;font-size:1px}.gbh{height:0;position:absolute;top:24px;width:100%}@media all{.gb1{height:22px;margin-right:.5em;vertical-align:top}#gbar{float:left}}a.gb1,a.gb4{text-decoration:underline !important}a.gb1,a.gb4{color:#00c !important}.gbi .gb4{color:#dd8e27 !important}.gbf .gb4{color:#900 !important}</style>
      <style type="text/css">body,td,a,p,.h{font-family:arial,sans-serif}body{margin:0;overflow-y:scroll}#gog{padding:3px 8px 0}td{line-height:.8em}.gac_m td{line-height:17px}form{margin-bottom:20px}.h{color:#1558d6}em{font-weight:bold;font-style:normal}.lst{height:25px;width:496px}.gsfi,.lst{font:18px arial,sans-serif}.gsfs{font:17px arial,sans-serif}.ds{display:inline-box;display:inline-block;margin:3px 0 4px;margin-left:4px}input{font-family:inherit}body{background:#fff;color:#000}a{color:#4b11a8;text-decoration:none}a:hover,a:active{text-decoration:underline}.fl a{color:#1558d6}a:visited{color:#4b11a8}.sblc{padding-top:5px}.sblc a{display:block;margin:2px 0;margin-left:13px;font-size:11px}.lsbb{background:#f8f9fa;border:solid 1px;border-color:#dadce0 #70757a #70757a #dadce0;height:30px}.lsbb{display:block}#WqQANb a{display:inline-block;margin:0 12px}.lsb{background:url(/images/nav_logo229.png) 0 -261px repeat-x;border:none;color:#000;cursor:pointer;height:30px;margin:0;outline:0;font:15px arial,sans-serif;vertical-align:top}.lsb:active{background:#dadce0}.lst:focus{outline:none}</style>
      <script nonce="EQXKpGl9Oy9ul6HXrM9PHQ" type="text/javascript"><![CDATA[(function(){window.google.erd={jsr:1,bv:1669,de:true};
var h=this||self;var k,l=null!=(k=h.mei)?k:1,n,p=null!=(n=h.sdo)?n:!0,q=0,r,t=google.erd,v=t.jsr;google.ml=function(a,b,d,m,e){e=void 0===e?2:e;b&&(r=a&&a.message);if(google.dl)return google.dl(a,e,d),null;if(0>v){window.console&&console.error(a,d);if(-2===v)throw a;b=!1}else b=!a||!a.message||"Error loading script"===a.message||q>=l&&!m?!1:!0;if(!b)return null;q++;d=d||{};b=encodeURIComponent;var c="/gen_204?atyp=i&ei="+b(google.kEI);google.kEXPI&&(c+="&jexpid="+b(google.kEXPI));c+="&srcpg="+b(google.sn)+"&jsr="+b(t.jsr)+"&bver="+b(t.bv);var f=a.lineNumber;void 0!==f&&(c+="&line="+f);var g=
a.fileName;g&&(0<g.indexOf("-extension:/")&&(e=3),c+="&script="+b(g),f&&g===window.location.href&&(f=document.documentElement.outerHTML.split("\n")[f],c+="&cad="+b(f?f.substring(0,300):"No script found.")));c+="&jsel="+e;for(varuind)c+="&",c+=b(u),c+="=",c+=b(d[u]);c=c+"&emsg="+b(a.name+": "+a.message);c=c+"&jsst="+b(a.stack||"N/A");12288]]]]>><![CDATA[</script>
   </head>
   <body bgcolor="#fff">
      =l&amp;&amp;(window.onerror=null)};})();
      <script nonce="EQXKpGl9Oy9ul6HXrM9PHQ" type="text/javascript"><![CDATA[(function(){var src='/images/nav_logo229.png';var iesg=false;document.body.onload = function(){window.n && window.n();if (document.images){new Image().src=src;}
if (!iesg){document.f&&document.f.q.focus();document.gbqf&&document.gbqf.q.focus();}
}
})();]]]]>><![CDATA[</script>
      <div id="mngb">
         <div id="gbar">
            <nobr>
               <b class="gb1">Search</b>
               <a href="http://www.google.com/imghp?hl=en&amp;tab=wi" class="gb1">Images</a>
               <a href="http://maps.google.com/maps?hl=en&amp;tab=wl" class="gb1">Maps</a>
               <a href="https://play.google.com/?hl=en&amp;tab=w8" class="gb1">Play</a>
               <a href="https://www.youtube.com/?tab=w1" class="gb1">YouTube</a>
               <a href="https://news.google.com/?tab=wn" class="gb1">News</a>
               <a href="https://mail.google.com/mail/?tab=wm" class="gb1">Gmail</a>
               <a href="https://drive.google.com/?tab=wo" class="gb1">Drive</a>
               <a href="https://www.google.com/intl/en/about/products?tab=wh" style="text-decoration:none" class="gb1">
                  <u>More</u>
                  »
               </a>
            </nobr>
         </div>
         <div width="100%" id="guser">
            <nobr>
               <span class="gbi" id="gbn"/>
               <span class="gbf" id="gbf"/>
               <span id="gbe"/>
               <a class="gb4" href="http://www.google.com/history/optout?hl=en">Web History</a>
               |
               <a class="gb4" href="/preferences?hl=en">Settings</a>
               |
               <a class="gb4" href="https://accounts.google.com/ServiceLogin?hl=en&amp;passive=true&amp;continue=http://www.google.com/&amp;ec=GAZAAQ" id="gb_70" target="_top">Sign in</a>
            </nobr>
         </div>
      </div>
      <center>
         <br id="lgpd" clear="all"/>
         <div id="lga">
            <img id="hplogo" width="272" style="padding:28px 0 14px" src="/images/branding/googlelogo/1x/googlelogo_white_background_color_272x92dp.png" height="92" alt="Google"/>
            <br/>
            <br/>
         </div>
         <form name="f" action="/search">
            <table cellspacing="0" cellpadding="0">
               <tr valign="top">
                  <td width="25%"> </td>
                  <td nowrap="" align="center">
                     <input type="hidden" value="ISO-8859-1" name="ie"/>
                     <input type="hidden" name="hl" value="en"/>
                     <input value="hp" type="hidden" name="source"/>
                     <input type="hidden" name="biw"/>
                     <input type="hidden" name="bih"/>
                     <div style="height:32px;margin:4px 0" class="ds">
                        <input size="57" name="q" maxlength="2048" title="Google Search" value="" autocomplete="off" style="margin:0;padding:5px 8px 0 6px;vertical-align:top;color:#000" class="lst"/>
                     </div>
                     <br style="line-height:0"/>
                     <span class="ds">
                        <span class="lsbb">
                           <input type="submit" name="btnG" value="Google Search" class="lsb"/>
                        </span>
                     </span>
                     <span class="ds">
                        <span class="lsbb">
                           <input type="submit" name="btnI" value="I'm Feeling Lucky" id="tsuid_1" class="lsb"/>
                           <script nonce="EQXKpGl9Oy9ul6HXrM9PHQ" type="text/javascript">(function(){var id='tsuid_1';document.getElementById(id).onclick = function(){if (this.form.q.value){this.checked = 1;if (this.form.iflsig)this.form.iflsig.disabled = false;}
else top.location='/doodles/';};})();</script>
                           <input type="hidden" name="iflsig" value="AJiK0e8AAAAAY0lsDoGlLqIUKdV63UE64_AH7YKvgE4o"/>
                        </span>
                     </span>
                  </td>
                  <td width="25%" nowrap="" align="left" class="fl sblc">
                     <a href="/advanced_search?hl=en&amp;authuser=0">Advanced search</a>
                  </td>
               </tr>
            </table>
            <input value="1" type="hidden" name="gbv" id="gbv"/>
            <script nonce="EQXKpGl9Oy9ul6HXrM9PHQ" type="text/javascript"><![CDATA[(function(){
var a,b="1";if(document&&document.getElementById)if("undefined"!=typeof XMLHttpRequest)b="2";else if("undefined"!=typeof ActiveXObject){var c,d,e=["MSXML2.XMLHTTP.6.0","MSXML2.XMLHTTP.3.0","MSXML2.XMLHTTP","Microsoft.XMLHTTP"];for(c=0;d=e[c++];)try{new ActiveXObject(d),b="2"}catch(h){}}a=b;if("2"==a&&-1==location.search.indexOf("&gbv=2")){var f=google.gbvu,g=document.getElementById("gbv");g&&(g.value=a);f&&window.setTimeout(function(){location.href=f},0)};}).call(this);]]]]>><![CDATA[</script>
         </form>
         <div id="gac_scont"/>
         <div style="font-size:83%;min-height:3.5em">
            <br/>
         </div>
         <span id="footer"/>
         <div style="font-size:10pt">
            <div id="WqQANb" style="margin:19px auto;text-align:center">
               <a href="/intl/en/ads/">Advertising Programs</a>
               <a href="/services/">Business Solutions</a>
               <a href="/intl/en/about.html">About Google</a>
            </div>
         </div>
         <p style="font-size:8pt;color:#70757a">
            © 2022 -
            <a href="/intl/en/policies/privacy/">Privacy</a>
            -
            <a href="/intl/en/policies/terms/">Terms</a>
         </p>
      </center>
      <script nonce="EQXKpGl9Oy9ul6HXrM9PHQ" type="text/javascript"><![CDATA[(function(){window.google.cdo={height:757,width:1440};(function(){
var a=window.innerWidth,b=window.innerHeight;if(!a||!b){var c=window.document,d="CSS1Compat"==c.compatMode?c.documentElement:c.body;a=d.clientWidth;b=d.clientHeight}a&&b&&(a!=google.cdo.width||b!=google.cdo.height)&&google.log("","","/client_204?&atyp=i&biw="+a+"&bih="+b+"&ei="+google.kEI);}).call(this);})();]]]]>><![CDATA[</script>
      <script nonce="EQXKpGl9Oy9ul6HXrM9PHQ" type="text/javascript">(function(){google.xjs={ck:'xjs.hp.iHfCprUw_lc.L.X.O',cs:'ACT90oFv86eiuOAuoorNWPW7kRyYbY9SbQ',excm:[]};})();</script>
      <script nonce="EQXKpGl9Oy9ul6HXrM9PHQ" type="text/javascript"><![CDATA[(function(){var u='/xjs/_/js/k\x3dxjs.hp.en_US.VW3bwV24fwA.O/am\x3dAAB0AgBQAKAC/d\x3d1/ed\x3d1/rs\x3dACT90oGDaVzVrxMpEy8ZDEHQmY0bn2PAew/m\x3dsb_he,d';
var d=this||self,e=function(a){return a};
var g;var l=function(a,b){this.g=b===h?a:""};l.prototype.toString=function(){return this.g+""};var h={};function n(){var a=u;google.lx=function(){p(a);google.lx=function(){}};google.bx||google.lx()}
function p(a){google.timers&&google.timers.load&&google.tick&&google.tick("load","xjsls");var b=document;var c="SCRIPT";"application/xhtml+xml"===b.contentType&&(c=c.toLowerCase());c=b.createElement(c);if(void 0===g){b=null;var k=d.trustedTypes;if(k&&k.createPolicy){try{b=k.createPolicy("goog#html",{createHTML:e,createScript:e,createScriptURL:e})}catch(q){d.console&&d.console.error(q.message)}g=b}else g=b}a=(b=g)?b.createScriptURL(a):a;a=new l(a,h);c.src=a instanceof l&&a.constructor===l?a.g:"type_error:TrustedResourceUrl";var f,m;(f=(a=null==(m=(f=(c.ownerDocument&&c.ownerDocument.defaultView||window).document).querySelector)?void 0:m.call(f,"script[nonce]"))?a.nonce||a.getAttribute("nonce")||"":"")&&c.setAttribute("nonce",f);document.body.appendChild(c);google.psa=!0};google.xjsu=u;setTimeout(function(){n()},0);})();function _DumpException(e){throw e;}
function _F_installCss(c){}
(function(){google.jl={blt:'none',chnk:0,dw:false,dwu:true,emtn:0,end:0,ine:false,injs:'none',injt:0,injth:0,injv2:false,lls:'default',pdt:0,rep:0,snet:true,strt:0,ubm:false,uwp:true};})();(function(){var pmc='{\x22d\x22:{},\x22sb_he\x22:{\x22agen\x22:true,\x22cgen\x22:true,\x22client\x22:\x22heirloom-hp\x22,\x22dh\x22:true,\x22dhqt\x22:true,\x22ds\x22:\x22\x22,\x22ffql\x22:\x22en\x22,\x22fl\x22:true,\x22host\x22:\x22google.com\x22,\x22isbh\x22:28,\x22jsonp\x22:true,\x22msgs\x22:{\x22cibl\x22:\x22Clear Search\x22,\x22dym\x22:\x22Did you mean:\x22,\x22lcky\x22:\x22I\\u0026#39;m Feeling Lucky\x22,\x22lml\x22:\x22Learn more\x22,\x22oskt\x22:\x22Input tools\x22,\x22psrc\x22:\x22This search was removed from your \\u003Ca href\x3d\\\x22/history\\\x22\\u003EWeb History\\u003C/a\\u003E\x22,\x22psrl\x22:\x22Remove\x22,\x22sbit\x22:\x22Search by image\x22,\x22srch\x22:\x22Google Search\x22},\x22ovr\x22:{},\x22pq\x22:\x22\x22,\x22refpd\x22:true,\x22rfs\x22:[],\x22sbas\x22:\x220 3px 8px 0 rgba(0,0,0,0.2),0 0 0 1px rgba(0,0,0,0.08)\x22,\x22sbpl\x22:16,\x22sbpr\x22:16,\x22scd\x22:10,\x22stok\x22:\x22AY17jmQB-YhTP9dmYVwLQmaRm34\x22,\x22uhde\x22:false}}';google.pmc=JSON.parse(pmc);})();]]]]>><![CDATA[</script>
   </body>
</html>]]></con:originalMessage>
        </con:configuration>
      </con:assertion>
      <con:credentials>
        <con:selectedAuthProfile>No Authorization</con:selectedAuthProfile>
        <con:authType>No Authorization</con:authType>
      </con:credentials>
      <con:jmsConfig JMSDeliveryMode="PERSISTENT"/>
      <con:parameters/>
    </con:config>
  </con:testStep>
  <con:properties/>
  <con:reportParameters/>
</con:testCase>
